This is LuaHBTeX, Version 1.12.0 (TeX Live 2020/W32TeX)  (format=lualatex 2020.5.6)  22 MAY 2020 16:05
 system commands enabled.
 file:line:error style messages enabled.
**c:/Users/AWI/Documents/latex/bericht.tex
(c:/Users/AWI/Documents/latex/bericht.tex
LaTeX2e <2020-02-02> patch level 5
Lua module: luaotfload-main 2020-05-01 3.13 luaotfload entry point
Lua module: luaotfload-init 2020-05-01 3.13 luaotfload submodule / initialization
Lua module: lualibs 2020-05-01 2.71 ConTeXt Lua standard libraries.
Lua module: lualibs-extended 2020-05-01 2.71 ConTeXt Lua libraries -- extended collection.
Lua module: luaotfload-log 2020-05-01 3.13 luaotfload submodule / logging
Lua module: luaotfload-parsers 2020-05-01 3.13 luaotfload submodule / filelist
Lua module: luaotfload-configuration 2020-05-01 3.13 luaotfload submodule / config file reader
luaotfload | conf : Root cache directory is "C:/texlive/2020/texmf-var/luatex-cache/generic/names".
luaotfload | init : Loading fontloader "fontloader-2020-04-30.lua" from kpse-resolved path "c:/texlive/2020/texmf-dist/tex/luatex/luaotfload/fontloader-2020-04-30.lua".
Lua-only attribute luaotfload@noligature = 1
Lua-only attribute luaotfload@syllabe = 2
luaotfload | init : Context OpenType loader version 0x1.8e353f7ced917p+1
Lua module: luaotfload-fallback 2020-05-01 3.13 luaotfload submodule / fallback
Lua module: luaotfload-multiscript 2020-05-01 3.13 luaotfload submodule / multiscript
Lua module: luaotfload-script 2020-05-01 3.13 luaotfload submodule / Script helpers
Inserting `luaotfload.node_processor' at position 1 in `pre_linebreak_filter'.
Inserting `luaotfload.node_processor' at position 1 in `hpack_filter'.
Lua module: luaotfload-loaders 2020-05-01 3.13 luaotfload submodule / callback handling
Inserting `luaotfload.define_font' at position 1 in `define_font'.
Lua module: luaotfload-database 2020-05-01 3.13 luaotfload submodule / database
Lua module: luaotfload-unicode 2020-05-01 3.13 luaotfload submodule / Unicode helpers
Lua module: luaotfload-colors 2020-05-01 3.13 luaotfload submodule / color
Lua-only attribute luaotfload_color_attribute = 3
Lua module: luaotfload-resolvers 2020-05-01 3.13 luaotfload submodule / resolvers
luaotfload | conf : Root cache directory is "C:/texlive/2020/texmf-var/luatex-cache/generic/names".
Lua module: luaotfload-features 2020-05-01 3.13 luaotfload submodule / features
Lua module: luaotfload-harf-define 2020-05-01 3.13 luaotfload submodule / database
Inserting `luaotfload.harf.strip_prefix' at position 1 in `find_opentype_file'.
Inserting `luaotfload.harf.strip_prefix' at position 1 in `find_truetype_file'.
Lua module: luaotfload-harf-plug 2020-05-01 3.13 luaotfload submodule / database
Inserting `Harf pre_output_filter callback' at position 1 in `pre_output_filter'.
Inserting `Harf wrapup_run callback' at position 1 in `wrapup_run'.
Inserting `Harf finish_pdffile callback' at position 1 in `finish_pdffile'.
Inserting `Harf glyph_info callback' at position 1 in `glyph_info'.
Lua module: luaotfload-letterspace 2020-05-01 3.13 luaotfload submodule / color
Lua module: luaotfload-embolden 2020-05-01 3.13 luaotfload submodule / color
Lua module: luaotfload-notdef 2020-05-01 3.13 luaotfload submodule / color
Lua module: luaotfload-suppress 2020-05-01 3.13 luaotfload submodule / suppress
Lua module: luaotfload-szss 2020-05-01 3.13 luaotfload submodule / color
Lua module: luaotfload-auxiliary 2020-05-01 3.13 luaotfload submodule / auxiliary functions
Inserting `luaotfload.aux.set_sscale_dimens' at position 1 in `luaotfload.patch_font'.
Inserting `luaotfload.aux.set_font_index' at position 2 in `luaotfload.patch_font'.
Inserting `luaotfload.aux.patch_cambria_domh' at position 3 in `luaotfload.patch_font'.
Inserting `luaotfload.aux.fixup_fontdata' at position 1 in `luaotfload.patch_font_unsafe'.
Inserting `luaotfload.aux.set_capheight' at position 4 in `luaotfload.patch_font'.
Inserting `luaotfload.aux.set_xheight' at position 5 in `luaotfload.patch_font'.
Lua module: luaotfload-tounicode 2020-05-01 3.13 luaotfload submodule / tounicode
Inserting `luaotfload.rewrite_fontname' at position 6 in `luaotfload.patch_font'. L3 programming layer <2020-04-06> (c:/texlive/2020/texmf-dist/tex/latex/koma-script/scrreprt.cls
Document Class: scrreprt 2020/04/19 v3.30 KOMA-Script document class (report)
(c:/texlive/2020/texmf-dist/tex/latex/koma-script/scrkbase.sty
Package: scrkbase 2020/04/19 v3.30 KOMA-Script package (KOMA-Script-dependent basics and keyval usage)
 (c:/texlive/2020/texmf-dist/tex/latex/koma-script/scrbase.sty
Package: scrbase 2020/04/19 v3.30 KOMA-Script package (KOMA-Script-independent basics and keyval usage)
 (c:/texlive/2020/texmf-dist/tex/latex/graphics/keyval.sty
Package: keyval 2014/10/28 v1.15 key=value parser (DPC)
\KV@toks@=\toks15
) (c:/texlive/2020/texmf-dist/tex/latex/koma-script/scrlfile.sty
Package: scrlfile 2020/04/19 v3.30 KOMA-Script package (loading files)
))) (c:/texlive/2020/texmf-dist/tex/latex/koma-script/tocbasic.sty
Package: tocbasic 2020/04/19 v3.30 KOMA-Script package (handling toc-files)
\scr@dte@tocline@numberwidth=\skip47
\scr@dte@tocline@numbox=\box45
)
Package tocbasic Info: babel extension for `toc' omitted
(tocbasic)             because of missing \bbl@set@language on input line 137.
Class scrreprt Info: File `scrsize12pt.clo' used to setup font sizes on input line 2424.
 (c:/texlive/2020/texmf-dist/tex/latex/koma-script/scrsize12pt.clo
File: scrsize12pt.clo 2020/04/19 v3.30 KOMA-Script font size class option (12pt)
luaotfload | db : Font names database loaded from C:/texlive/2020/texmf-var/luatex-cache/generic/names/luaotfload-names.luc) (c:/texlive/2020/texmf-dist/tex/latex/koma-script/typearea.sty
Package: typearea 2020/04/19 v3.30 KOMA-Script package (type area)
\ta@bcor=\skip48
\ta@div=\count163
Package typearea Info: You've used standard option `a4paper'.
(typearea)             This is correct!
(typearea)             Internally I'm using `paper=a4'.
(typearea)             If you'd like to set the option with \KOMAoptions,
(typearea)             you'd have to use `paper=a4' there
(typearea)             instead of `a4paper', too.
\ta@hblk=\skip49
\ta@vblk=\skip50
\ta@temp=\skip51
\footheight=\skip52
Package typearea Info: These are the values describing the layout:
(typearea)             DIV  = 12
(typearea)             BCOR = 0.0pt
(typearea)             \paperwidth      = 597.50793pt
(typearea)              \textwidth      = 448.13095pt
(typearea)              DIV departure   = -6%
(typearea)              \evensidemargin = 2.4185pt
(typearea)              \oddsidemargin  = 2.4185pt
(typearea)             \paperheight     = 845.04694pt
(typearea)              \textheight     = 635.5pt
(typearea)              \topmargin      = -41.72441pt
(typearea)              \headheight     = 18.125pt
(typearea)              \headsep        = 21.75pt
(typearea)              \topskip        = 12.0pt
(typearea)              \footskip       = 50.75pt
(typearea)              \baselineskip   = 14.5pt
(typearea)              on input line 1738.
)
\c@part=\count164
\c@chapter=\count165
\c@section=\count166
\c@subsection=\count167
\c@subsubsection=\count168
\c@paragraph=\count169
\c@subparagraph=\count170
\scr@dte@chapter@maxnumwidth=\skip53
Class scrreprt Info: using compatibility default `afterindent=bysign'
(scrreprt)           for `\chapter on input line 5588.
\scr@dte@section@maxnumwidth=\skip54
Class scrreprt Info: using compatibility default `runin=bysign'
(scrreprt)           for `\section on input line 5598.
Class scrreprt Info: using compatibility default `afterindent=bysign'
(scrreprt)           for `\section on input line 5598.
\scr@dte@part@maxnumwidth=\skip55
Class scrreprt Info: using compatibility default `afterindent=true'
(scrreprt)           for `\part on input line 5607.
\scr@dte@subsection@maxnumwidth=\skip56
Class scrreprt Info: using compatibility default `runin=bysign'
(scrreprt)           for `\subsection on input line 5617.
Class scrreprt Info: using compatibility default `afterindent=bysign'
(scrreprt)           for `\subsection on input line 5617.
\scr@dte@subsubsection@maxnumwidth=\skip57
Class scrreprt Info: using compatibility default `runin=bysign'
(scrreprt)           for `\subsubsection on input line 5627.
Class scrreprt Info: using compatibility default `afterindent=bysign'
(scrreprt)           for `\subsubsection on input line 5627.
\scr@dte@paragraph@maxnumwidth=\skip58
Class scrreprt Info: using compatibility default `runin=bysign'
(scrreprt)           for `\paragraph on input line 5637.
Class scrreprt Info: using compatibility default `afterindent=bysign'
(scrreprt)           for `\paragraph on input line 5637.
\scr@dte@subparagraph@maxnumwidth=\skip59
Class scrreprt Info: using compatibility default `runin=bysign'
(scrreprt)           for `\subparagraph on input line 5647.
Class scrreprt Info: using compatibility default `afterindent=bysign'
(scrreprt)           for `\subparagraph on input line 5647.
\abovecaptionskip=\skip60
\belowcaptionskip=\skip61
\c@pti@nb@sid@b@x=\box46
Package tocbasic Info: babel extension for `lof' omitted
(tocbasic)             because of missing \bbl@set@language on input line 6883.
\scr@dte@figure@maxnumwidth=\skip62
\c@figure=\count171
Package tocbasic Info: babel extension for `lot' omitted
(tocbasic)             because of missing \bbl@set@language on input line 6900.
\scr@dte@table@maxnumwidth=\skip63
\c@table=\count172
Class scrreprt Info: Redefining `\numberline' on input line 7069.
\bibindent=\dimen134
) (c:/texlive/2020/texmf-dist/tex/lualatex/luainputenc/luainputenc.sty
Package: luainputenc 2010/11/19 v0.973 inputenc package for LuaTeX
 (c:/texlive/2020/texmf-dist/tex/generic/iftex/ifluatex.sty
Package: ifluatex 2019/10/25 v1.5 ifluatex legacy package. Use iftex instead.
 (c:/texlive/2020/texmf-dist/tex/generic/iftex/iftex.sty
Package: iftex 2020/03/06 v1.0d TeX engine tests
)) (c:/texlive/2020/texmf-dist/tex/generic/iftex/ifxetex.sty
Package: ifxetex 2019/10/25 v0.7 ifxetex legacy package. Use iftex instead.
) (c:/texlive/2020/texmf-dist/tex/luatex/luatexbase/luatexbase.sty
Package: luatexbase 2015/10/04 v1.3 luatexbase interface to LuaTeX 
 (c:/texlive/2020/texmf-dist/tex/luatex/ctablestack/ctablestack.sty
Package: ctablestack 2015/10/01 v1.0 Catcode table stable support
\@catcodetablestackcnt=\count173
)
\CatcodeTableOther=\catcodetable5
\CatcodeTableExpl=\catcodetable6
)
Lua module: luainputenc 2010/05/10 0.97 Lua simple inputenc package.
\inpenc@prehook=\toks16
\inpenc@posthook=\toks17
 (c:/texlive/2020/texmf-dist/tex/lualatex/luainputenc/lutf8.def
File: lutf8.def 2010/05/10 v0.97 UTF-8 support for luainputenc
Now handling font encoding OML ...
... no UTF-8 mapping file for font encoding OML
Now handling font encoding OMS ...
... processing UTF-8 mapping file for font encodingOMS
 (c:/texlive/2020/texmf-dist/tex/latex/base/omsenc.dfu
File: omsenc.dfu 2019/11/14 v1.2k UTF-8 support for inputenc
)
Now handling font encoding OT1 ...
... processing UTF-8 mapping file for font encodingOT1
 (c:/texlive/2020/texmf-dist/tex/latex/base/ot1enc.dfu
File: ot1enc.dfu 2019/11/14 v1.2k UTF-8 support for inputenc
)
Now handling font encoding T1 ...
... processing UTF-8 mapping file for font encodingT1
 (c:/texlive/2020/texmf-dist/tex/latex/base/t1enc.dfu
File: t1enc.dfu 2019/11/14 v1.2k UTF-8 support for inputenc
)
Now handling font encoding TS1 ...
... processing UTF-8 mapping file for font encodingTS1
 (c:/texlive/2020/texmf-dist/tex/latex/base/ts1enc.dfu
File: ts1enc.dfu 2019/11/14 v1.2k UTF-8 support for inputenc
)
Now handling font encoding TU ...
... no UTF-8 mapping file for font encoding TU
Now handling font encoding OMX ...
... no UTF-8 mapping file for font encoding OMX
Now handling font encoding U ...
... no UTF-8 mapping file for font encoding U
)) (c:/texlive/2020/texmf-dist/tex/latex/base/fontenc.sty
Package: fontenc 2020/02/11 v2.0o Standard LaTeX package
LaTeX Font Info:    Trying to load font information for T1+lmr on input line 112.
 (c:/texlive/2020/texmf-dist/tex/latex/lm/t1lmr.fd
File: t1lmr.fd 2009/10/30 v1.6 Font defs for Latin Modern
)) (c:/texlive/2020/texmf-dist/tex/latex/mathdesign/mathdesign.sty
Package: mathdesign 2013/08/29 v2.31 Math Design Project
 (c:/texlive/2020/texmf-dist/tex/latex/base/ifthen.sty
Package: ifthen 2014/09/29 v1.1c Standard LaTeX ifthen package (DPC)
) (c:/texlive/2020/texmf-dist/tex/latex/mathdesign/mdbch/mdbch.cfg) (c:/texlive/2020/texmf-dist/tex/latex/mathdesign/mdbch/mdbch.sty
Package: mdbch 2013/08/29 v2.31 bitstream bitstream charter + mdbch (Math Design Project)
 (c:/texlive/2020/texmf-dist/tex/latex/mathdesign/mdfont.def
File: mdfont.def 2013/08/29 v2.31 (Math Design Project)
) (c:/texlive/2020/texmf-dist/tex/latex/mathdesign/mdsffont.def
File: mdsffont.def 2013/08/29 v2.31 (Math Design Project)


LaTeX Warning: Font shape declaration has incorrect series value `mc'.
               It should not contain an `m'! Please correct it.
               Found on input line 53.


LaTeX Warning: Font shape declaration has incorrect series value `mc'.
               It should not contain an `m'! Please correct it.
               Found on input line 56.


LaTeX Warning: Font shape declaration has incorrect series value `mc'.
               It should not contain an `m'! Please correct it.
               Found on input line 59.


LaTeX Warning: Font shape declaration has incorrect series value `mc'.
               It should not contain an `m'! Please correct it.
               Found on input line 79.


LaTeX Warning: Font shape declaration has incorrect series value `mc'.
               It should not contain an `m'! Please correct it.
               Found on input line 102.


LaTeX Warning: Font shape declaration has incorrect series value `mc'.
               It should not contain an `m'! Please correct it.
               Found on input line 105.


LaTeX Warning: Font shape declaration has incorrect series value `mc'.
               It should not contain an `m'! Please correct it.
               Found on input line 108.


LaTeX Warning: Font shape declaration has incorrect series value `mc'.
               It should not contain an `m'! Please correct it.
               Found on input line 128.


LaTeX Warning: Font shape declaration has incorrect series value `mc'.
               It should not contain an `m'! Please correct it.
               Found on input line 259.


LaTeX Warning: Font shape declaration has incorrect series value `mc'.
               It should not contain an `m'! Please correct it.
               Found on input line 262.


LaTeX Warning: Font shape declaration has incorrect series value `mc'.
               It should not contain an `m'! Please correct it.
               Found on input line 265.


LaTeX Warning: Font shape declaration has incorrect series value `mc'.
               It should not contain an `m'! Please correct it.
               Found on input line 268.


LaTeX Warning: Font shape declaration has incorrect series value `mc'.
               It should not contain an `m'! Please correct it.
               Found on input line 313.


LaTeX Warning: Font shape declaration has incorrect series value `mc'.
               It should not contain an `m'! Please correct it.
               Found on input line 316.


LaTeX Warning: Font shape declaration has incorrect series value `mc'.
               It should not contain an `m'! Please correct it.
               Found on input line 319.


LaTeX Warning: Font shape declaration has incorrect series value `mc'.
               It should not contain an `m'! Please correct it.
               Found on input line 322.

) (c:/texlive/2020/texmf-dist/tex/latex/mathdesign/mdttfont.def
File: mdttfont.def 2013/08/29 v2.31 (Math Design Project)
)
\symmdcal=\mathgroup4
LaTeX Font Info:    Overwriting symbol font `mdcal' in version `bold'
(Font)                  OMS/mdbch/m/n --> OMS/mdbch/b/n on input line 97.
\symmdscr=\mathgroup5
LaTeX Font Info:    Overwriting symbol font `mdscr' in version `bold'
(Font)                  OMS/mdbch/m/n --> OMS/mdbch/b/n on input line 103.
LaTeX Font Info:    Overwriting math alphabet `\mathfrak' in version `bold'
(Font)                  U/xmdeuf/m/n --> U/xmdeuf/b/n on input line 110.
LaTeX Font Info:    Overwriting symbol font `operators' in version `normal'
(Font)                  OT1/cmr/m/n --> OT1/mdbch/m/n on input line 121.
LaTeX Font Info:    Overwriting symbol font `letters' in version `normal'
(Font)                  OML/cmm/m/it --> OML/mdbch/m/it on input line 122.
LaTeX Font Info:    Overwriting symbol font `symbols' in version `normal'
(Font)                  OMS/cmsy/m/n --> OMS/mdbch/m/n on input line 123.
LaTeX Font Info:    Overwriting symbol font `largesymbols' in version `normal'
(Font)                  OMX/cmex/m/n --> OMX/mdbch/m/n on input line 124.
LaTeX Font Info:    Overwriting symbol font `operators' in version `bold'
(Font)                  OT1/cmr/bx/n --> OT1/mdbch/b/n on input line 126.
LaTeX Font Info:    Overwriting symbol font `letters' in version `bold'
(Font)                  OML/cmm/b/it --> OML/mdbch/b/it on input line 127.
LaTeX Font Info:    Overwriting symbol font `symbols' in version `bold'
(Font)                  OMS/cmsy/b/n --> OMS/mdbch/b/n on input line 128.
LaTeX Font Info:    Overwriting symbol font `largesymbols' in version `bold'
(Font)                  OMX/cmex/m/n --> OMX/mdbch/b/n on input line 129.
LaTeX Font Info:    Overwriting math alphabet `\mathrm' in version `normal'
(Font)                  OT1/mdbch/m/n --> T1/mdbch/m/n on input line 131.
LaTeX Font Info:    Overwriting math alphabet `\mathbf' in version `normal'
(Font)                  OT1/cmr/bx/n --> T1/mdbch/b/n on input line 132.
LaTeX Font Info:    Overwriting math alphabet `\mathit' in version `normal'
(Font)                  OT1/cmr/m/it --> T1/mdbch/m/it on input line 133.
LaTeX Font Info:    Overwriting math alphabet `\mathsf' in version `normal'
(Font)                  OT1/cmss/m/n --> T1/lmss/m/n on input line 134.
LaTeX Font Info:    Overwriting math alphabet `\mathtt' in version `normal'
(Font)                  OT1/cmtt/m/n --> T1/lmtt/m/n on input line 135.
LaTeX Font Info:    Overwriting math alphabet `\mathrm' in version `bold'
(Font)                  OT1/mdbch/b/n --> T1/mdbch/b/n on input line 137.
LaTeX Font Info:    Overwriting math alphabet `\mathbf' in version `bold'
(Font)                  OT1/cmr/bx/n --> T1/mdbch/b/n on input line 138.
LaTeX Font Info:    Overwriting math alphabet `\mathit' in version `bold'
(Font)                  OT1/cmr/bx/it --> T1/mdbch/b/it on input line 139.
LaTeX Font Info:    Overwriting math alphabet `\mathsf' in version `bold'
(Font)                  OT1/cmss/bx/n --> T1/lmss/b/n on input line 140.
LaTeX Font Info:    Overwriting math alphabet `\mathtt' in version `bold'
(Font)                  OT1/cmtt/m/n --> T1/lmtt/b/n on input line 141.
\symlettersupright=\mathgroup6
LaTeX Font Info:    Overwriting symbol font `lettersupright' in version `bold'
(Font)                  OML/mdbch/m/n --> OML/mdbch/b/n on input line 144.
LaTeX Font Info:    Redeclaring math alphabet \mathrm on input line 145.
LaTeX Font Info:    Overwriting math alphabet `\mathcal' in version `normal'
(Font)                  OMS/mdbch/m/n --> OMS/mdbch/m/n on input line 167.
 (c:/texlive/2020/texmf-dist/tex/latex/xkeyval/xkeyval.sty
Package: xkeyval 2014/12/03 v2.7a package option processing (HA)
 (c:/texlive/2020/texmf-dist/tex/generic/xkeyval/xkeyval.tex (c:/texlive/2020/texmf-dist/tex/generic/xkeyval/xkvutils.tex
\XKV@toks=\toks18
\XKV@tempa@toks=\toks19
)
\XKV@depth=\count174
File: xkeyval.tex 2014/12/03 v2.7a key=value parser (HA)
))
LaTeX Font Info:    Trying to load font information for T1+mdbch on input line 186.
 (c:/texlive/2020/texmf-dist/tex/latex/mathdesign/mdbch/t1mdbch.fd
File: t1mdbch.fd 2013/08/29 Fontinst v1.933 font definitions for T1/mdbch.
)
LaTeX Font Info:    Font shape `T1/mdbch/m/n' will be
(Font)              scaled to size 11.52008pt on input line 186.
LaTeX Font Info:    Redeclaring math accent \widetilde on input line 449.
LaTeX Font Info:    Redeclaring math accent \widehat on input line 450.
NowhandlingfontencodingMDA...
...noUTF-8mappingfileforfontencodingMDA
\symmathdesignA=\mathgroup7
LaTeX Font Info:    Overwriting symbol font `mathdesignA' in version `bold'
(Font)                  MDA/mdbch/m/n --> MDA/mdbch/b/n on input line 491.
NowhandlingfontencodingMDB...
...noUTF-8mappingfileforfontencodingMDB
\symmathdesignB=\mathgroup8
LaTeX Font Info:    Overwriting symbol font `mathdesignB' in version `bold'
(Font)                  MDB/mdbch/m/n --> MDB/mdbch/b/n on input line 498.
\@emptytoks=\toks20
LaTeX Font Info:    Redeclaring math accent \widetilde on input line 532.
LaTeX Font Info:    Redeclaring math accent \widehat on input line 533.
\rulethickness=\skip64
) (c:/texlive/2020/texmf-dist/tex/latex/base/fontenc.sty
Package: fontenc 2020/02/11 v2.0o Standard LaTeX package
)) (c:/texlive/2020/texmf-dist/tex/generic/babel/babel.sty
Package: babel 2020/04/28 3.43 The Babel package
 (c:/texlive/2020/texmf-dist/tex/generic/babel/babel.def
File: babel.def 2020/04/28 3.43 Babel common definitions
 (c:/texlive/2020/texmf-dist/tex/generic/babel/luababel.def
\bbl@readstream=\read2
\l@dumylang=\language2
Package babel Info: Non-standard hyphenation setup on input line 117.
\l@nohyphenation=\language3
\l@german-x-2019-04-04=\language4
\l@ngerman-x-2019-04-04=\language5
\l@afrikaans=\language6
\l@ancientgreek=\language7
\l@ibycus=\language8
\l@arabic=\language9
\l@armenian=\language10
\l@basque=\language11
\l@belarusian=\language12
\l@bulgarian=\language13
\l@catalan=\language14
\l@pinyin=\language15
\l@churchslavonic=\language16
\l@coptic=\language17
\l@croatian=\language18
\l@czech=\language19
\l@danish=\language20
\l@dutch=\language21
\l@ukenglish=\language22
\l@usenglishmax=\language23
\l@esperanto=\language24
\l@estonian=\language25
\l@ethiopic=\language26
\l@farsi=\language27
\l@finnish=\language28
\l@french=\language29
\l@friulan=\language30
\l@galician=\language31
\l@georgian=\language32
\l@german=\language33
\l@ngerman=\language34
\l@swissgerman=\language35
\l@greek=\language36
\l@monogreek=\language37
\l@hungarian=\language38
\l@icelandic=\language39
\l@assamese=\language40
\l@bengali=\language41
\l@gujarati=\language42
\l@hindi=\language43
\l@kannada=\language44
\l@malayalam=\language45
\l@marathi=\language46
\l@oriya=\language47
\l@pali=\language48
\l@panjabi=\language49
\l@tamil=\language50
\l@telugu=\language51
\l@indonesian=\language52
\l@interlingua=\language53
\l@irish=\language54
\l@italian=\language55
\l@kurmanji=\language56
\l@classiclatin=\language57
\l@latin=\language58
\l@liturgicallatin=\language59
\l@latvian=\language60
\l@lithuanian=\language61
\l@macedonian=\language62
\l@mongolian=\language63
\l@mongolianlmc=\language64
\l@bokmal=\language65
\l@nynorsk=\language66
\l@occitan=\language67
\l@piedmontese=\language68
\l@polish=\language69
\l@portuguese=\language70
\l@romanian=\language71
\l@romansh=\language72
\l@russian=\language73
\l@sanskrit=\language74
\l@serbian=\language75
\l@serbianc=\language76
\l@slovak=\language77
\l@slovenian=\language78
\l@spanish=\language79
\l@swedish=\language80
\l@thai=\language81
\l@turkish=\language82
\l@turkmen=\language83
\l@ukrainian=\language84
\l@uppersorbian=\language85
\l@welsh=\language86
\babelcatcodetablenum=\catcodetable7
\bbl@pattcodes=\catcodetable8
)
\babel@savecnt=\count175
\U@D=\dimen135
 (c:/texlive/2020/texmf-dist/tex/generic/babel/luababel.def
\bbl@attr@locale=\attribute4
)) (c:/texlive/2020/texmf-dist/tex/generic/babel-german/ngerman.ldf
Language: ngerman 2018/12/08 v2.11 German support for babel (post-1996 orthography)
 (c:/texlive/2020/texmf-dist/tex/generic/babel-german/ngermanb.ldf
Language: ngermanb 2018/12/08 v2.11 German support for babel (post-1996 orthography)
Package babel Info: Making " an active character on input line 121.
 (c:/texlive/2020/texmf-dist/tex/generic/hyph-utf8/loadhyph/loadhyph-de-1996.tex UTF-8 German hyphenation patterns (reformed orthography) (c:/texlive/2020/texmf-dist/tex/generic/hyph-utf8/patterns/tex/hyph-de-1996.tex German Hyphenation Patterns (Reformed Orthography, 2006) `dehyphn-x' 2019-04-04 (WL)))))) (c:/texlive/2020/texmf-dist/tex/latex/hyperref/hyperref.sty
Package: hyperref 2020/01/14 v7.00d Hypertext links for LaTeX
 (c:/texlive/2020/texmf-dist/tex/generic/ltxcmds/ltxcmds.sty
Package: ltxcmds 2019/12/15 v1.24 LaTeX kernel commands for general use (HO)
) (c:/texlive/2020/texmf-dist/tex/latex/pdftexcmds/pdftexcmds.sty
Package: pdftexcmds 2019/11/24 v0.31 Utility functions of pdfTeX for LuaTeX (HO)
 (c:/texlive/2020/texmf-dist/tex/generic/infwarerr/infwarerr.sty
Package: infwarerr 2019/12/03 v1.5 Providing info/warning/error messages (HO)
)
Package pdftexcmds Info: \pdf@primitive is available.
Package pdftexcmds Info: \pdf@ifprimitive is available.
Package pdftexcmds Info: \pdfdraftmode found.
\pdftexcmds@toks=\toks21
) (c:/texlive/2020/texmf-dist/tex/generic/kvsetkeys/kvsetkeys.sty
Package: kvsetkeys 2019/12/15 v1.18 Key value parser (HO)
) (c:/texlive/2020/texmf-dist/tex/generic/kvdefinekeys/kvdefinekeys.sty
Package: kvdefinekeys 2019-12-19 v1.6 Define keys (HO)
) (c:/texlive/2020/texmf-dist/tex/generic/pdfescape/pdfescape.sty
Package: pdfescape 2019/12/09 v1.15 Implements pdfTeX's escape features (HO)
) (c:/texlive/2020/texmf-dist/tex/latex/hycolor/hycolor.sty
Package: hycolor 2020-01-27 v1.10 Color options for hyperref/bookmark (HO)
) (c:/texlive/2020/texmf-dist/tex/latex/letltxmacro/letltxmacro.sty
Package: letltxmacro 2019/12/03 v1.6 Let assignment for LaTeX macros (HO)
) (c:/texlive/2020/texmf-dist/tex/latex/auxhook/auxhook.sty
Package: auxhook 2019-12-17 v1.6 Hooks for auxiliary files (HO)
) (c:/texlive/2020/texmf-dist/tex/latex/kvoptions/kvoptions.sty
Package: kvoptions 2019/11/29 v3.13 Key value format for package options (HO)
)
\@linkdim=\dimen136
\Hy@linkcounter=\count176
\Hy@pagecounter=\count177
 (c:/texlive/2020/texmf-dist/tex/latex/hyperref/pd1enc.def
File: pd1enc.def 2020/01/14 v7.00d Hyperref: PDFDocEncoding definition (HO)
NowhandlingfontencodingPD1...
...noUTF-8mappingfileforfontencodingPD1
) (c:/texlive/2020/texmf-dist/tex/generic/intcalc/intcalc.sty
Package: intcalc 2019/12/15 v1.3 Expandable calculations with integers (HO)
) (c:/texlive/2020/texmf-dist/tex/generic/etexcmds/etexcmds.sty
Package: etexcmds 2019/12/15 v1.7 Avoid name clashes with e-TeX commands (HO)
)
\Hy@SavedSpaceFactor=\count178
Package hyperref Info: Option `pdfa' set `true' on input line 4421.
Package hyperref Info: Hyper figures OFF on input line 4547.
Package hyperref Info: Link nesting OFF on input line 4552.
Package hyperref Info: Hyper index ON on input line 4555.
Package hyperref Info: Plain pages OFF on input line 4562.
Package hyperref Info: Backreferencing OFF on input line 4567.
Package hyperref Info: Implicit mode ON; LaTeX internals redefined.
Package hyperref Info: Bookmarks ON on input line 4800.
\c@Hy@tempcnt=\count179
 (c:/texlive/2020/texmf-dist/tex/latex/url/url.sty
\Urlmuskip=\muskip16
Package: url 2013/09/16  ver 3.4  Verb mode for urls, etc.
)
LaTeX Info: Redefining \url on input line 5159.
\XeTeXLinkMargin=\dimen137
 (c:/texlive/2020/texmf-dist/tex/generic/bitset/bitset.sty
Package: bitset 2019/12/09 v1.3 Handle bit-vector datatype (HO)
 (c:/texlive/2020/texmf-dist/tex/generic/bigintcalc/bigintcalc.sty
Package: bigintcalc 2019/12/15 v1.5 Expandable calculations on big integers (HO)
))
\Fld@menulength=\count180
\Field@Width=\dimen138
\Fld@charsize=\dimen139
Package hyperref Info: Hyper figures OFF on input line 6430.
Package hyperref Info: Link nesting OFF on input line 6435.
Package hyperref Info: Hyper index ON on input line 6438.
Package hyperref Info: backreferencing OFF on input line 6445.
Package hyperref Info: Link coloring OFF on input line 6450.
Package hyperref Info: Link coloring with OCG OFF on input line 6455.
Package hyperref Info: PDF/A mode ON on input line 6458.
LaTeX Info: Redefining \ref on input line 6500.
LaTeX Info: Redefining \pageref on input line 6504.
 (c:/texlive/2020/texmf-dist/tex/generic/atbegshi/atbegshi.sty
Package: atbegshi 2019/12/05 v1.19 At begin shipout hook (HO)
)
\Hy@abspage=\count181
\c@Item=\count182
\c@Hfootnote=\count183
)
Package hyperref Info: Driver: hluatex.
 (c:/texlive/2020/texmf-dist/tex/latex/hyperref/hluatex.def
File: hluatex.def 2020/01/14 v7.00d Hyperref driver for luaTeX
 (c:/texlive/2020/texmf-dist/tex/latex/hyperref/puenc.def
File: puenc.def 2020/01/14 v7.00d Hyperref: PDF Unicode definition (HO)
NowhandlingfontencodingPU...
...noUTF-8mappingfileforfontencodingPU
) (c:/texlive/2020/texmf-dist/tex/generic/stringenc/stringenc.sty
Package: stringenc 2019/11/29 v1.12 Convert strings between diff. encodings (HO)
) (c:/texlive/2020/texmf-dist/tex/latex/atveryend/atveryend.sty
Package: atveryend 2019-12-11 v1.11 Hooks at the very end of document (HO)
Package atveryend Info: \enddocument detected (standard20110627).
)
\Fld@listcount=\count184
\c@bookmark@seq@number=\count185
 (c:/texlive/2020/texmf-dist/tex/latex/rerunfilecheck/rerunfilecheck.sty
Package: rerunfilecheck 2019/12/05 v1.9 Rerun checks for auxiliary files (HO)
 (c:/texlive/2020/texmf-dist/tex/generic/uniquecounter/uniquecounter.sty
Package: uniquecounter 2019/12/15 v1.4 Provide unlimited unique counter (HO)
)
Package uniquecounter Info: New unique counter `rerunfilecheck' on input line 286.
)
\Hy@SectionHShift=\skip65
) (c:/texlive/2020/texmf-dist/tex/latex/tools/indentfirst.sty
Package: indentfirst 1995/11/23 v1.03 Indent first paragraph (DPC)
) (c:/texlive/2020/texmf-dist/tex/latex/minted/minted.sty
Package: minted 2017/07/19 v2.5 Yet another Pygments shim for LaTeX
 (c:/texlive/2020/texmf-dist/tex/latex/fvextra/fvextra.sty
Package: fvextra 2019/02/04 v1.4 fvextra - extensions and patches for fancyvrb
 (c:/texlive/2020/texmf-dist/tex/latex/etoolbox/etoolbox.sty
Package: etoolbox 2019/09/21 v2.5h e-TeX tools for LaTeX (JAW)
\etb@tempcnta=\count186
) (c:/texlive/2020/texmf-dist/tex/latex/fancyvrb/fancyvrb.sty
Package: fancyvrb 2020/05/03 v3.6 verbatim text (tvz,hv)
\FV@CodeLineNo=\count187
\FV@InFile=\read3
\FV@TabBox=\box47
\c@FancyVerbLine=\count188
\FV@StepNumber=\count189
\FV@OutFile=\write3
) (c:/texlive/2020/texmf-dist/tex/latex/upquote/upquote.sty
Package: upquote 2012/04/19 v1.3 upright-quote and grave-accent glyphs in verbatim
 (c:/texlive/2020/texmf-dist/tex/latex/base/textcomp.sty
Package: textcomp 2020/02/02 v2.0n Standard LaTeX package
)) (c:/texlive/2020/texmf-dist/tex/latex/lineno/lineno.sty
Package: lineno 2005/11/02 line numbers on paragraphs v4.41
\linenopenalty=\count190
\output=\toks22
\linenoprevgraf=\count191
\linenumbersep=\dimen140
\linenumberwidth=\dimen141
\c@linenumber=\count192
\c@pagewiselinenumber=\count193
\c@LN@truepage=\count194
\c@internallinenumber=\count195
\c@internallinenumbers=\count196
\quotelinenumbersep=\dimen142
\bframerule=\dimen143
\bframesep=\dimen144
\bframebox=\box48
LaTeX Info: Redefining \\ on input line 3056.
)
\c@FV@TrueTabGroupLevel=\count197
\c@FV@TrueTabCounter=\count198
\FV@TabBox@Group=\box49
\FV@TmpLength=\skip66
\c@FV@HighlightLinesStart=\count199
\c@FV@HighlightLinesStop=\count266
\FV@LoopCount=\count267
\FV@NCharsBox=\box50
\FV@BreakIndent=\dimen145
\FV@BreakIndentNChars=\count268
\FV@BreakSymbolSepLeft=\dimen146
\FV@BreakSymbolSepLeftNChars=\count269
\FV@BreakSymbolSepRight=\dimen147
\FV@BreakSymbolSepRightNChars=\count270
\FV@BreakSymbolIndentLeft=\dimen148
\FV@BreakSymbolIndentLeftNChars=\count271
\FV@BreakSymbolIndentRight=\dimen149
\FV@BreakSymbolIndentRightNChars=\count272
\c@FancyVerbLineBreakLast=\count273
\FV@LineBox=\box51
\FV@LineIndentBox=\box52
\FV@LineWidth=\dimen150
) (c:/texlive/2020/texmf-dist/tex/latex/tools/calc.sty
Package: calc 2017/05/25 v4.3 Infix arithmetic (KKT,FJ)
\calc@Acount=\count274
\calc@Bcount=\count275
\calc@Adimen=\dimen151
\calc@Bdimen=\dimen152
\calc@Askip=\skip67
\calc@Bskip=\skip68
LaTeX Info: Redefining \setlength on input line 80.
LaTeX Info: Redefining \addtolength on input line 81.
\calc@Ccount=\count276
\calc@Cskip=\skip69
) (c:/texlive/2020/texmf-dist/tex/latex/tools/shellesc.sty
Package: shellesc 2019/11/08 v1.0c unified shell escape interface for LaTeX
Package shellesc Info: Unrestricted shell escape enabled on input line 75.
) (c:/texlive/2020/texmf-dist/tex/latex/ifplatform/ifplatform.sty
Package: ifplatform 2017/10/13 v0.4a Testing for the operating system
 (c:/texlive/2020/texmf-dist/tex/generic/catchfile/catchfile.sty
Package: catchfile 2019/12/09 v1.8 Catch the contents of a file (HO)
)) (c:/texlive/2020/texmf-dist/tex/generic/xstring/xstring.sty (c:/texlive/2020/texmf-dist/tex/generic/xstring/xstring.tex
\integerpart=\count277
\decimalpart=\count278
)
Package: xstring 2019/02/06 v1.83 String manipulations (CT)
) (c:/texlive/2020/texmf-dist/tex/latex/framed/framed.sty
Package: framed 2011/10/22 v 0.96: framed or shaded text with page breaks
\OuterFrameSep=\skip70
\fb@frw=\dimen153
\fb@frh=\dimen154
\FrameRule=\dimen155
\FrameSep=\dimen156
) (c:/texlive/2020/texmf-dist/tex/latex/newfloat/newfloat.sty
Package: newfloat 2019/09/02 v1.1l Defining new floating environments (AR)
)
\minted@appexistsfile=\read4
\minted@bgbox=\box53
\minted@code=\write4
\c@minted@FancyVerbLineTemp=\count279
\c@minted@pygmentizecounter=\count280
Package newfloat Info: New float `listing' with options `fileext=lol,placement=tbp' on input line 1151.
\c@listing=\count281
\newfloat@ftype=\count282
Package newfloat Info: float type `listing'=8 on input line 1151.
Package tocbasic Info: setting babel extension for `lol' on input line 1151.
)
runsystem(if not exist _minted-bericht mkdir _minted-bericht)...executed
 (c:/texlive/2020/texmf-dist/tex/latex/xcolor/xcolor.sty
Package: xcolor 2016/05/11 v2.12 LaTeX color extensions (UK)
 (c:/texlive/2020/texmf-dist/tex/latex/graphics-cfg/color.cfg
File: color.cfg 2016/01/02 v1.6 sample color configuration
)
Package xcolor Info: Driver file: luatex.def on input line 225.
 (c:/texlive/2020/texmf-dist/tex/latex/graphics-def/luatex.def
File: luatex.def 2018/01/08 v1.0l Graphics/color driver for luatex
) (c:/texlive/2020/texmf-dist/tex/latex/colortbl/colortbl.sty
Package: colortbl 2020/01/04 v1.0e Color table columns (DPC)
 (c:/texlive/2020/texmf-dist/tex/latex/tools/array.sty
Package: array 2019/08/31 v2.4l Tabular extension package (FMi)
\col@sep=\dimen157
\ar@mcellbox=\box54
\extrarowheight=\dimen158
\NC@list=\toks23
\extratabsurround=\skip71
\backup@length=\skip72
\ar@cellbox=\box55
)
\everycr=\toks24
\minrowclearance=\skip73
)
\rownum=\count283
Package xcolor Info: Model `cmy' substituted by `cmy0' on input line 1348.
Package xcolor Info: Model `hsb' substituted by `rgb' on input line 1352.
Package xcolor Info: Model `RGB' extended on input line 1364.
Package xcolor Info: Model `HTML' substituted by `rgb' on input line 1366.
Package xcolor Info: Model `Hsb' substituted by `hsb' on input line 1367.
Package xcolor Info: Model `tHsb' substituted by `hsb' on input line 1368.
Package xcolor Info: Model `HSB' substituted by `hsb' on input line 1369.
Package xcolor Info: Model `Gray' substituted by `gray' on input line 1370.
Package xcolor Info: Model `wave' substituted by `hsb' on input line 1371.
) (c:/texlive/2020/texmf-dist/tex/latex/csquotes/csquotes.sty
Package: csquotes 2019-12-06 v5.2j context-sensitive quotations (JAW)
\csq@reset=\count284
\csq@gtype=\count285
\csq@glevel=\count286
\csq@qlevel=\count287
\csq@maxlvl=\count288
\csq@tshold=\count289
\csq@ltx@everypar=\toks25
 (c:/texlive/2020/texmf-dist/tex/latex/csquotes/csquotes.def
File: csquotes.def 2019-12-06 v5.2j csquotes generic definitions (JAW)
)
Package csquotes Info: Trying to load configuration file 'csquotes.cfg'...
Package csquotes Info: ... configuration file loaded successfully.
 (c:/texlive/2020/texmf-dist/tex/latex/csquotes/csquotes.cfg
File: csquotes.cfg 
)) (c:/texlive/2020/texmf-dist/tex/latex/setspace/setspace.sty
Package: setspace 2011/12/19 v6.7a set line spacing
) (c:/texlive/2020/texmf-dist/tex/latex/endfloat/endfloat.sty
Package: endfloat 2019/04/15 v2.7 LaTeX2e package puts figures and tables at end (jdm)
\c@postfigure=\count290
\efloat@postfff=\write5
\@ef@fffopen=\count291
\c@posttable=\count292
\efloat@postttt=\write6
\@ef@tttopen=\count293
) (c:/texlive/2020/texmf-dist/tex/latex/underscore/underscore.sty
Package: underscore 2006/09/13
LaTeX Info: Redefining \_ on input line 42.
)
\c@postlisting=\count294
\efloat@posteflisting=\write7
\@ef@eflistingopen=\count295
runsystem(for ^%i in (pygmentize.exe pygmentize.bat pygmentize.cmd) do set > bericht.aex <nul: /p x=^%~$PATH:i>> bericht.aex)...failed 
runsystem(del bericht.aex)...executed
Package csquotes Info: Checking for multilingual support...
Package csquotes Info: ... found 'babel' package.
Package csquotes Info: Adjusting default style.
Package csquotes Info: Redefining alias 'default' -> 'ngerman'.
 (c:/texlive/2020/texmf-dist/tex/latex/l3backend/l3backend-pdfmode.def
File: l3backend-pdfmode.def 2020-03-12 L3 backend support: PDF mode
\l__kernel_color_stack_int=\count296
\l__pdf_internal_box=\box56
) (c:/Users/AWI/Documents/latex/bericht.aux

LaTeX Warning: Label `lst-neu-werktaeglich' multiply defined.


LaTeX Warning: Label `lst-gesamtfahrleistung-jaehrlich' multiply defined.

)
\openout1 = bericht.aux

LaTeX Font Info:    Checking defaults for OML/cmm/m/it on input line 63.
LaTeX Font Info:    ... okay on input line 63.
LaTeX Font Info:    Checking defaults for OMS/cmsy/m/n on input line 63.
LaTeX Font Info:    ... okay on input line 63.
LaTeX Font Info:    Checking defaults for OT1/cmr/m/n on input line 63.
LaTeX Font Info:    ... okay on input line 63.
LaTeX Font Info:    Checking defaults for T1/cmr/m/n on input line 63.
LaTeX Font Info:    ... okay on input line 63.
LaTeX Font Info:    Checking defaults for TS1/cmr/m/n on input line 63.
LaTeX Font Info:    Trying to load font information for TS1+cmr on input line 63.
 (c:/texlive/2020/texmf-dist/tex/latex/base/ts1cmr.fd
File: ts1cmr.fd 2019/12/16 v2.5j Standard LaTeX font definitions
)
LaTeX Font Info:    ... okay on input line 63.
LaTeX Font Info:    Checking defaults for TU/lmr/m/n on input line 63.
LaTeX Font Info:    ... okay on input line 63.
LaTeX Font Info:    Checking defaults for OMX/cmex/m/n on input line 63.
LaTeX Font Info:    ... okay on input line 63.
LaTeX Font Info:    Checking defaults for U/cmr/m/n on input line 63.
LaTeX Font Info:    ... okay on input line 63.
LaTeX Font Info:    Checking defaults for MDA/cmr/m/n on input line 63.
LaTeX Font Info:    Trying to load font information for MDA+cmr on input line 63.
 (c:/texlive/2020/texmf-dist/tex/latex/mathdesign/mdacmr.fd
File: mdacmr.fd 
)
LaTeX Font Info:    ... okay on input line 63.
LaTeX Font Info:    Checking defaults for MDB/cmr/m/n on input line 63.
LaTeX Font Info:    Trying to load font information for MDB+cmr on input line 63.
 (c:/texlive/2020/texmf-dist/tex/latex/mathdesign/mdbcmr.fd
File: mdbcmr.fd 
)
LaTeX Font Info:    ... okay on input line 63.
LaTeX Font Info:    Checking defaults for PD1/pdf/m/n on input line 63.
LaTeX Font Info:    ... okay on input line 63.
LaTeX Font Info:    Checking defaults for PU/pdf/m/n on input line 63.
LaTeX Font Info:    ... okay on input line 63.
\AtBeginShipoutBox=\box57
Package hyperref Info: Link coloring OFF on input line 63.
 (c:/texlive/2020/texmf-dist/tex/latex/hyperref/nameref.sty
Package: nameref 2019/09/16 v2.46 Cross-referencing by name of section
 (c:/texlive/2020/texmf-dist/tex/latex/refcount/refcount.sty
Package: refcount 2019/12/15 v3.6 Data extraction from label references (HO)
) (c:/texlive/2020/texmf-dist/tex/generic/gettitlestring/gettitlestring.sty
Package: gettitlestring 2019/12/15 v1.6 Cleanup title references (HO)
)
\c@section@level=\count297
)
LaTeX Info: Redefining \ref on input line 63.
LaTeX Info: Redefining \pageref on input line 63.
LaTeX Info: Redefining \nameref on input line 63.
 (c:/Users/AWI/Documents/latex/bericht.out) (c:/Users/AWI/Documents/latex/bericht.out)
\@outlinefile=\write8

\openout8 = bericht.out
Class scrreprt Info: loading recommended package `bookmark'.
(scrreprt)           Using `bookmark' together with `hyperref' is recommended,
(scrreprt)           because of handling of possible bookmark level gaps.
(scrreprt)           You can avoid loading `bookmark' with KOMA-Script option
(scrreprt)           `bookmarkpackage=false' before \begin{document} and
(scrreprt)           you can avoid this message adding:
(scrreprt)             \usepackage{bookmark}
(scrreprt)           before \begin{document} on input line 63.
 (c:/texlive/2020/texmf-dist/tex/latex/bookmark/bookmark.sty
Package: bookmark 2019/12/03 v1.28 PDF bookmarks (HO)
 (c:/texlive/2020/texmf-dist/tex/latex/bookmark/bkm-pdftex.def
File: bkm-pdftex.def 2019/12/03 v1.28 bookmark driver for pdfTeX (HO)
Package auxhook Info: \AddLineBeginMainAux comes a little late,
(auxhook)             because the main .aux file is already opened on input line 168.
\BKM@id=\count298
)) (c:/texlive/2020/texmf-dist/tex/context/base/mkii/supp-pdf.mkii
[Loading MPS to PDF converter (version 2006.09.02).]
\scratchcounter=\count299
\scratchdimen=\dimen159
\scratchbox=\box58
\nofMPsegments=\count300
\nofMParguments=\count301
\everyMPshowfont=\toks26
\MPscratchCnt=\count302
\MPscratchDim=\dimen160
\MPnumerator=\count303
\makeMPintoPDFobject=\count304
\everyMPtoPDFconversion=\toks27
)
LaTeX Font Info:    Trying to load font information for T1+lmss on input line 71.
 (c:/texlive/2020/texmf-dist/tex/latex/lm/t1lmss.fd
File: t1lmss.fd 2009/10/30 v1.6 Font defs for Latin Modern
)
LaTeX Font Info:    Font shape `T1/mdbch/m/n' will be
(Font)              scaled to size 16.58891pt on input line 71.
LaTeX Font Info:    Trying to load font information for OT1+mdbch on input line 71.
 (c:/texlive/2020/texmf-dist/tex/latex/mathdesign/mdbch/ot1mdbch.fd
File: ot1mdbch.fd 2013/08/29 Fontinst v1.933 font definitions for OT1/mdbch.
)
LaTeX Font Info:    Font shape `OT1/mdbch/m/n' will be
(Font)              scaled to size 16.58891pt on input line 71.
LaTeX Font Info:    Font shape `OT1/mdbch/m/n' will be
(Font)              scaled to size 11.52008pt on input line 71.
LaTeX Font Info:    Font shape `OT1/mdbch/m/n' will be
(Font)              scaled to size 9.60007pt on input line 71.
LaTeX Font Info:    Trying to load font information for OML+mdbch on input line 71.
 (c:/texlive/2020/texmf-dist/tex/latex/mathdesign/mdbch/omlmdbch.fd
File: omlmdbch.fd 2013/08/29 Fontinst v1.933 font definitions for OML/mdbch.
)
LaTeX Font Info:    Font shape `OML/mdbch/m/it' will be
(Font)              scaled to size 16.58891pt on input line 71.
LaTeX Font Info:    Font shape `OML/mdbch/m/it' will be
(Font)              scaled to size 11.52008pt on input line 71.
LaTeX Font Info:    Font shape `OML/mdbch/m/it' will be
(Font)              scaled to size 9.60007pt on input line 71.
LaTeX Font Info:    Trying to load font information for OMS+mdbch on input line 71.
 (c:/texlive/2020/texmf-dist/tex/latex/mathdesign/mdbch/omsmdbch.fd
File: omsmdbch.fd 2013/08/29 Fontinst v1.933 font definitions for OMS/mdbch.
)
LaTeX Font Info:    Font shape `OMS/mdbch/m/n' will be
(Font)              scaled to size 16.58891pt on input line 71.
LaTeX Font Info:    Font shape `OMS/mdbch/m/n' will be
(Font)              scaled to size 11.52008pt on input line 71.
LaTeX Font Info:    Font shape `OMS/mdbch/m/n' will be
(Font)              scaled to size 9.60007pt on input line 71.
LaTeX Font Info:    Trying to load font information for OMX+mdbch on input line 71.
 (c:/texlive/2020/texmf-dist/tex/latex/mathdesign/mdbch/omxmdbch.fd
File: omxmdbch.fd 2013/08/29 Fontinst v1.933 font definitions for OMX/mdbch.
)
LaTeX Font Info:    Font shape `OMX/mdbch/m/n' will be
(Font)              scaled to size 16.58891pt on input line 71.
LaTeX Font Info:    Font shape `OMX/mdbch/m/n' will be
(Font)              scaled to size 11.52008pt on input line 71.
LaTeX Font Info:    Font shape `OMX/mdbch/m/n' will be
(Font)              scaled to size 9.60007pt on input line 71.
LaTeX Font Info:    Font shape `OML/mdbch/m/n' will be
(Font)              scaled to size 16.58891pt on input line 71.
LaTeX Font Info:    Font shape `OML/mdbch/m/n' will be
(Font)              scaled to size 11.52008pt on input line 71.
LaTeX Font Info:    Font shape `OML/mdbch/m/n' will be
(Font)              scaled to size 9.60007pt on input line 71.
LaTeX Font Info:    Trying to load font information for MDA+mdbch on input line 71.
 (c:/texlive/2020/texmf-dist/tex/latex/mathdesign/mdbch/mdamdbch.fd
File: mdamdbch.fd 2013/08/29 Fontinst v1.933 font definitions for MDA/mdbch.
)
LaTeX Font Info:    Font shape `MDA/mdbch/m/n' will be
(Font)              scaled to size 16.58891pt on input line 71.
LaTeX Font Info:    Font shape `MDA/mdbch/m/n' will be
(Font)              scaled to size 11.52008pt on input line 71.
LaTeX Font Info:    Font shape `MDA/mdbch/m/n' will be
(Font)              scaled to size 9.60007pt on input line 71.
LaTeX Font Info:    Trying to load font information for MDB+mdbch on input line 71.
 (c:/texlive/2020/texmf-dist/tex/latex/mathdesign/mdbch/mdbmdbch.fd
File: mdbmdbch.fd 2013/08/29 Fontinst v1.933 font definitions for MDB/mdbch.
)
LaTeX Font Info:    Font shape `MDB/mdbch/m/n' will be
(Font)              scaled to size 16.58891pt on input line 71.
LaTeX Font Info:    Font shape `MDB/mdbch/m/n' will be
(Font)              scaled to size 11.52008pt on input line 71.
LaTeX Font Info:    Font shape `MDB/mdbch/m/n' will be
(Font)              scaled to size 9.60007pt on input line 71.

Overfull \hbox (33.15225pt too wide) in paragraph at lines 71--71
 [][] 
 []

[1



{c:/texlive/2020/texmf-var/fonts/map/pdftex/updmap/pdftex.map}] (c:/Users/AWI/Documents/latex/bericht.toc
LaTeX Font Info:    Font shape `OT1/mdbch/m/n' will be
(Font)              scaled to size 7.68005pt on input line 3.
LaTeX Font Info:    Font shape `OT1/mdbch/m/n' will be
(Font)              scaled to size 5.76004pt on input line 3.
LaTeX Font Info:    Font shape `OML/mdbch/m/it' will be
(Font)              scaled to size 7.68005pt on input line 3.
LaTeX Font Info:    Font shape `OML/mdbch/m/it' will be
(Font)              scaled to size 5.76004pt on input line 3.
LaTeX Font Info:    Font shape `OMS/mdbch/m/n' will be
(Font)              scaled to size 7.68005pt on input line 3.
LaTeX Font Info:    Font shape `OMS/mdbch/m/n' will be
(Font)              scaled to size 5.76004pt on input line 3.
LaTeX Font Info:    Font shape `OMX/mdbch/m/n' will be
(Font)              scaled to size 7.68005pt on input line 3.
LaTeX Font Info:    Font shape `OMX/mdbch/m/n' will be
(Font)              scaled to size 5.76004pt on input line 3.
LaTeX Font Info:    Font shape `OML/mdbch/m/n' will be
(Font)              scaled to size 7.68005pt on input line 3.
LaTeX Font Info:    Font shape `OML/mdbch/m/n' will be
(Font)              scaled to size 5.76004pt on input line 3.
LaTeX Font Info:    Font shape `MDA/mdbch/m/n' will be
(Font)              scaled to size 7.68005pt on input line 3.
LaTeX Font Info:    Font shape `MDA/mdbch/m/n' will be
(Font)              scaled to size 5.76004pt on input line 3.
LaTeX Font Info:    Font shape `MDB/mdbch/m/n' will be
(Font)              scaled to size 7.68005pt on input line 3.
LaTeX Font Info:    Font shape `MDB/mdbch/m/n' will be
(Font)              scaled to size 5.76004pt on input line 3.
 [2

] [3] [4] [5])
\tf@toc=\write9

\openout9 = bericht.toc
 [6]
chapter 1.
[7

]
LaTeX Font Info:    Trying to load font information for TS1+mdbch on input line 110.
 (c:/texlive/2020/texmf-dist/tex/latex/mathdesign/mdbch/ts1mdbch.fd
File: ts1mdbch.fd 2013/08/29 Fontinst v1.933 font definitions for TS1/mdbch.
)
LaTeX Font Info:    Font shape `TS1/mdbch/m/n' will be
(Font)              scaled to size 11.52008pt on input line 110.
 [8] [9]
chapter 2.

Overfull \hbox (0.69078pt too wide) in paragraph at lines 124--125
[]\T1/mdbch/m/n/12 Hier wur-de das re-la-tio-na-le Da-ten-bank-ma-nage-ment-sys-tem ma-riadb 10.4 ver-wen-det. Dies
 []


Underfull \hbox (badness 10000) in paragraph at lines 131--138

 []


Underfull \hbox (badness 10000) in paragraph at lines 131--138

 []


Underfull \hbox (badness 10000) in paragraph at lines 131--138

 []

[10

]
\openout3 = bericht.pyg
 (c:/Users/AWI/Documents/latex/_minted-bericht/default-pyg-prefix.pygstyle) (c:/Users/AWI/Documents/latex/_minted-bericht/default.pygstyle) (c:/Users/AWI/Documents/latex/_minted-bericht/169E4A0E63524A71A2982A89FEAC71F78FC3FC6E1332244C7247F554856E2491.pygtex
Underfull \hbox (badness 10000) in paragraph at lines 154--1

 []


Underfull \hbox (badness 10000) in paragraph at lines 154--1

 []


Underfull \hbox (badness 10000) in paragraph at lines 154--1

 []

LaTeX Font Info:    Trying to load font information for T1+lmtt on input line 1.
(c:/texlive/2020/texmf-dist/tex/latex/lm/t1lmtt.fd
File: t1lmtt.fd 2009/10/30 v1.6 Font defs for Latin Modern
)
LaTeX Font Info:    Font shape `T1/lmtt/bx/n' in size <12> not available
(Font)              Font shape `T1/lmtt/b/n' tried instead on input line 2.
LaTeX Font Info:    Trying to load font information for TS1+lmtt on input line 2.
 (c:/texlive/2020/texmf-dist/tex/latex/lm/ts1lmtt.fd
File: ts1lmtt.fd 2009/10/30 v1.6 Font defs for Latin Modern
)
LaTeX Font Info:    Font shape `T1/mdbch/m/n' will be
(Font)              scaled to size 5.76004pt on input line 2.
LaTeX Font Info:    Font shape `OT1/mdbch/m/n' will be
(Font)              scaled to size 4.80003pt on input line 4.
LaTeX Font Info:    Font shape `OML/mdbch/m/it' will be
(Font)              scaled to size 4.80003pt on input line 4.
LaTeX Font Info:    Font shape `OMS/mdbch/m/n' will be
(Font)              scaled to size 4.80003pt on input line 4.
LaTeX Font Info:    Font shape `OMX/mdbch/m/n' will be
(Font)              scaled to size 4.80003pt on input line 4.
LaTeX Font Info:    Font shape `OML/mdbch/m/n' will be
(Font)              scaled to size 4.80003pt on input line 4.
LaTeX Font Info:    Font shape `MDA/mdbch/m/n' will be
(Font)              scaled to size 4.80003pt on input line 4.
LaTeX Font Info:    Font shape `MDB/mdbch/m/n' will be
(Font)              scaled to size 4.80003pt on input line 4.
 [11])
\openout3 = bericht.pyg
 (c:/Users/AWI/Documents/latex/_minted-bericht/B48B6C8ABA5D24D8B5CC5EFC2D1FFD5D8FC3FC6E1332244C7247F554856E2491.pygtex
Underfull \hbox (badness 10000) in paragraph at lines 186--1

 []


Overfull \hbox (747.972pt too wide) in paragraph at lines 186--1
[] 
 []


Underfull \hbox (badness 10000) in paragraph at lines 186--1

 []


Underfull \hbox (badness 10000) in paragraph at lines 186--1

 []

[12])
Underfull \hbox (badness 10000) in paragraph at lines 223--234

 []


Underfull \hbox (badness 10000) in paragraph at lines 223--234

 []


Underfull \hbox (badness 10000) in paragraph at lines 223--234

 []

[13]
\openout3 = bericht.pyg
 (c:/Users/AWI/Documents/latex/_minted-bericht/2C90EE284DD07E024ECFD724F74E49EF8FC3FC6E1332244C7247F554856E2491.pygtex
Underfull \hbox (badness 10000) in paragraph at lines 239--1

 []


Overfull \hbox (368.49397pt too wide) in paragraph at lines 239--1
[] 
 []


Underfull \hbox (badness 10000) in paragraph at lines 239--1

 []


Underfull \hbox (badness 10000) in paragraph at lines 239--1

 []

[14])
Underfull \hbox (badness 10000) in paragraph at lines 275--280

 []


Overfull \hbox (2.55696pt too wide) in paragraph at lines 275--280
\T1/mdbch/m/n/12 Diese Zu-ord-nung nennt man in re-la-tio-na-len Da-ten-ban-ken   n:m-Beziehungen, wo-bei   n:m
 []


Underfull \hbox (badness 10000) in paragraph at lines 275--280

 []

[15]
\openout3 = bericht.pyg
 (c:/Users/AWI/Documents/latex/_minted-bericht/199BC7C9D07DFCF4840E80DBEF6527038FC3FC6E1332244C7247F554856E2491.pygtex
Underfull \hbox (badness 10000) in paragraph at lines 285--1

 []


Overfull \hbox (456.92416pt too wide) in paragraph at lines 285--1
[] 
 []


Underfull \hbox (badness 10000) in paragraph at lines 285--1

 []


Underfull \hbox (badness 10000) in paragraph at lines 285--1

 []

) [16]
\openout3 = bericht.pyg
 (c:/Users/AWI/Documents/latex/_minted-bericht/7B9A576AAEE9ABA5D4E67017A9F30A3A8FC3FC6E1332244C7247F554856E2491.pygtex) [17]
chapter 3.
(c:/Users/AWI/Documents/latex/Fahrzeugbewegungen/schweinfurt.tex
\openout7 = bericht.eflisting
 (bericht.eflisting)
Underfull \hbox (badness 10000) in paragraph at lines 1--12

 []


Underfull \hbox (badness 10000) in paragraph at lines 1--12

 []

) (c:/Users/AWI/Documents/latex/Fahrzeugbewegungen/sennfeld.tex
Underfull \hbox (badness 10000) in paragraph at lines 1--10

 []


Underfull \hbox (badness 10000) in paragraph at lines 1--10

 []

) (c:/Users/AWI/Documents/latex/Fahrzeugbewegungen/gochsheim.tex
Overfull \hbox (11.68434pt too wide) in paragraph at lines 1--11
[][] 
 []


Underfull \hbox (badness 10000) in paragraph at lines 1--11

 []


Underfull \hbox (badness 10000) in paragraph at lines 1--11

 []

[18

]) (c:/Users/AWI/Documents/latex/Fahrzeugbewegungen/gochsheimotweyer.tex
Overfull \hbox (64.56146pt too wide) in paragraph at lines 1--14
[][] 
 []


Underfull \hbox (badness 10000) in paragraph at lines 1--14

 []


Underfull \hbox (badness 10000) in paragraph at lines 1--14

 []

) (c:/Users/AWI/Documents/latex/Fahrzeugbewegungen/schwebheim.tex
Underfull \hbox (badness 10000) in paragraph at lines 1--12

 []


Underfull \hbox (badness 10000) in paragraph at lines 1--12

 []

) (c:/Users/AWI/Documents/latex/Fahrzeugbewegungen/grettstatt.tex
Overfull \hbox (3.88525pt too wide) in paragraph at lines 1--12
[][] 
 []


Underfull \hbox (badness 10000) in paragraph at lines 1--12

 []


Underfull \hbox (badness 10000) in paragraph at lines 1--12

 []

[19]) (c:/Users/AWI/Documents/latex/Fahrzeugbewegungen/grettstattotduerrfeld.tex
Overfull \hbox (68.06355pt too wide) in paragraph at lines 1--13
[][] 
 []


Underfull \hbox (badness 10000) in paragraph at lines 1--13

 []


Underfull \hbox (badness 10000) in paragraph at lines 1--13

 []

) (c:/Users/AWI/Documents/latex/Fahrzeugbewegungen/donnersdorf.tex
Underfull \hbox (badness 10000) in paragraph at lines 1--10

 []


Underfull \hbox (badness 10000) in paragraph at lines 1--10

 []

) (c:/Users/AWI/Documents/latex/Fahrzeugbewegungen/sulzheim.tex
Underfull \hbox (badness 10000) in paragraph at lines 1--14

 []


Underfull \hbox (badness 10000) in paragraph at lines 1--14

 []

[20]) (c:/Users/AWI/Documents/latex/Fahrzeugbewegungen/alitzheim.tex
Underfull \hbox (badness 10000) in paragraph at lines 1--11

 []


Underfull \hbox (badness 10000) in paragraph at lines 1--11

 []

) (c:/Users/AWI/Documents/latex/Fahrzeugbewegungen/moenchstockheim.tex
Underfull \hbox (badness 10000) in paragraph at lines 1--11

 []


Underfull \hbox (badness 10000) in paragraph at lines 1--11

 []

) (c:/Users/AWI/Documents/latex/Fahrzeugbewegungen/voegnitz.tex
Underfull \hbox (badness 10000) in paragraph at lines 1--10

 []


Underfull \hbox (badness 10000) in paragraph at lines 1--10

 []

[21]) (c:/Users/AWI/Documents/latex/Fahrzeugbewegungen/kolitzheimotherlheim.tex
Underfull \hbox (badness 10000) in paragraph at lines 1--12

 []


Underfull \hbox (badness 10000) in paragraph at lines 1--12

 []

) (c:/Users/AWI/Documents/latex/Fahrzeugbewegungen/kolitzheimotoberspiessheim.tex
Underfull \hbox (badness 10000) in paragraph at lines 1--10

 []


Underfull \hbox (badness 10000) in paragraph at lines 1--10

 []

) (c:/Users/AWI/Documents/latex/Fahrzeugbewegungen/kolitzheimotunterspiessheim.tex
Underfull \hbox (badness 10000) in paragraph at lines 1--12

 []


Underfull \hbox (badness 10000) in paragraph at lines 1--12

 []

[22]) (c:/Users/AWI/Documents/latex/Fahrzeugbewegungen/kolitzheimotzeilitzheim.tex
Underfull \hbox (badness 10000) in paragraph at lines 1--11

 []


Underfull \hbox (badness 10000) in paragraph at lines 1--11

 []

) (c:/Users/AWI/Documents/latex/Fahrzeugbewegungen/gerolzhofen.tex
Underfull \hbox (badness 10000) in paragraph at lines 1--17

 []


Underfull \hbox (badness 10000) in paragraph at lines 1--17

 []

) (c:/Users/AWI/Documents/latex/Fahrzeugbewegungen/dingolshausen.tex
Underfull \hbox (badness 10000) in paragraph at lines 1--13

 []


Underfull \hbox (badness 10000) in paragraph at lines 1--13

 []

[23]) (c:/Users/AWI/Documents/latex/Fahrzeugbewegungen/dingolshausenotbischwind.tex
Overfull \hbox (54.41226pt too wide) in paragraph at lines 1--12
[][] 
 []


Underfull \hbox (badness 10000) in paragraph at lines 1--12

 []


Underfull \hbox (badness 10000) in paragraph at lines 1--12

 []

) (c:/Users/AWI/Documents/latex/Fahrzeugbewegungen/michelau.tex
Underfull \hbox (badness 10000) in paragraph at lines 1--10

 []


Underfull \hbox (badness 10000) in paragraph at lines 1--10

 []

) (c:/Users/AWI/Documents/latex/Fahrzeugbewegungen/frankenwinheim.tex
Underfull \hbox (badness 10000) in paragraph at lines 1--13

 []


Underfull \hbox (badness 10000) in paragraph at lines 1--13

 []

[24]) (c:/Users/AWI/Documents/latex/Fahrzeugbewegungen/oberschwarzach.tex
Underfull \hbox (badness 10000) in paragraph at lines 1--14

 []


Underfull \hbox (badness 10000) in paragraph at lines 1--14

 []

) (c:/Users/AWI/Documents/latex/Fahrzeugbewegungen/volkach.tex
Underfull \hbox (badness 10000) in paragraph at lines 1--12

 []


Underfull \hbox (badness 10000) in paragraph at lines 1--12

 []

) (c:/Users/AWI/Documents/latex/Fahrzeugbewegungen/luelsfeld.tex
Underfull \hbox (badness 10000) in paragraph at lines 1--10

 []


Underfull \hbox (badness 10000) in paragraph at lines 1--10

 []

[25]) (c:/Users/AWI/Documents/latex/Fahrzeugbewegungen/schallfeld.tex
Underfull \hbox (badness 10000) in paragraph at lines 1--12

 []


Underfull \hbox (badness 10000) in paragraph at lines 1--12

 []

) (c:/Users/AWI/Documents/latex/Fahrzeugbewegungen/prichsenstadt.tex
Overfull \hbox (23.29654pt too wide) in paragraph at lines 1--14
[][] 
 []


Underfull \hbox (badness 10000) in paragraph at lines 1--14

 []


Underfull \hbox (badness 10000) in paragraph at lines 1--14

 []

) (c:/Users/AWI/Documents/latex/Fahrzeugbewegungen/prichsenstadtotaltenschoenbach.tex
Overfull \hbox (124.36206pt too wide) in paragraph at lines 1--16
[][] 
 []


Underfull \hbox (badness 10000) in paragraph at lines 1--16

 []


Underfull \hbox (badness 10000) in paragraph at lines 1--16

 []

[26]) (c:/Users/AWI/Documents/latex/Fahrzeugbewegungen/prichsenstadtotbimbach.tex
Overfull \hbox (88.60379pt too wide) in paragraph at lines 1--17
[][] 
 []


Underfull \hbox (badness 10000) in paragraph at lines 1--17

 []


Underfull \hbox (badness 10000) in paragraph at lines 1--17

 []

) (c:/Users/AWI/Documents/latex/Fahrzeugbewegungen/prichsenstadtotbruennau.tex
Overfull \hbox (88.41946pt too wide) in paragraph at lines 1--15
[][] 
 []


Underfull \hbox (badness 10000) in paragraph at lines 1--15

 []


Underfull \hbox (badness 10000) in paragraph at lines 1--15

 []

[27]) (c:/Users/AWI/Documents/latex/Fahrzeugbewegungen/jaerkendorf.tex
Overfull \hbox (10.47472pt too wide) in paragraph at lines 1--14
[][] 
 []


Underfull \hbox (badness 10000) in paragraph at lines 1--14

 []


Underfull \hbox (badness 10000) in paragraph at lines 1--14

 []

) (c:/Users/AWI/Documents/latex/Fahrzeugbewegungen/prichsenstadtotkirchschoenbach.tex
Overfull \hbox (124.00493pt too wide) in paragraph at lines 1--16
[][] 
 []


Underfull \hbox (badness 10000) in paragraph at lines 1--16

 []


Underfull \hbox (badness 10000) in paragraph at lines 1--16

 []

[28]) (c:/Users/AWI/Documents/latex/Fahrzeugbewegungen/prichsenstadtotlaub.tex
Overfull \hbox (69.61871pt too wide) in paragraph at lines 1--17
[][] 
 []


Underfull \hbox (badness 10000) in paragraph at lines 1--17

 []


Underfull \hbox (badness 10000) in paragraph at lines 1--17

 []

) (c:/Users/AWI/Documents/latex/Fahrzeugbewegungen/prichsenstadtotneudorf.tex
Overfull \hbox (86.26521pt too wide) in paragraph at lines 1--15
[][] 
 []


Underfull \hbox (badness 10000) in paragraph at lines 1--15

 []


Underfull \hbox (badness 10000) in paragraph at lines 1--15

 []

[29]) (c:/Users/AWI/Documents/latex/Fahrzeugbewegungen/prichsenstadtotneuses.tex
Overfull \hbox (80.32086pt too wide) in paragraph at lines 1--13
[][] 
 []


Underfull \hbox (badness 10000) in paragraph at lines 1--13

 []


Underfull \hbox (badness 10000) in paragraph at lines 1--13

 []

) (c:/Users/AWI/Documents/latex/Fahrzeugbewegungen/prichsenstadtotstadelschwarzach.tex
Overfull \hbox (45.88739pt too wide) in paragraph at lines 1--14
[][] 
 []


Underfull \hbox (badness 10000) in paragraph at lines 1--14

 []


Underfull \hbox (badness 10000) in paragraph at lines 1--14

 []

[30]) (c:/Users/AWI/Documents/latex/Fahrzeugbewegungen/wiesentheid.tex
Overfull \hbox (18.04341pt too wide) in paragraph at lines 1--13
[][] 
 []


Underfull \hbox (badness 10000) in paragraph at lines 1--13

 []


Underfull \hbox (badness 10000) in paragraph at lines 1--13

 []

) (c:/Users/AWI/Documents/latex/Fahrzeugbewegungen/wiesentheidotfeuerbach.tex
Overfull \hbox (91.16127pt too wide) in paragraph at lines 1--13
[][] 
 []


Underfull \hbox (badness 10000) in paragraph at lines 1--13

 []


Underfull \hbox (badness 10000) in paragraph at lines 1--13

 []

) (c:/Users/AWI/Documents/latex/Fahrzeugbewegungen/wiesentheidotgeesdorf.tex
Overfull \hbox (84.50267pt too wide) in paragraph at lines 1--13
[][] 
 []


Underfull \hbox (badness 10000) in paragraph at lines 1--13

 []


Underfull \hbox (badness 10000) in paragraph at lines 1--13

 []

[31]) (c:/Users/AWI/Documents/latex/Fahrzeugbewegungen/wiesentheidotreupelsdorf.tex
Overfull \hbox (99.67458pt too wide) in paragraph at lines 1--16
[][] 
 []


Underfull \hbox (badness 10000) in paragraph at lines 1--16

 []


Underfull \hbox (badness 10000) in paragraph at lines 1--16

 []

) (c:/Users/AWI/Documents/latex/Fahrzeugbewegungen/wiesentheidotuntersambach.tex
Overfull \hbox (112.05867pt too wide) in paragraph at lines 1--13
[][] 
 []


Underfull \hbox (badness 10000) in paragraph at lines 1--13

 []


Underfull \hbox (badness 10000) in paragraph at lines 1--13

 []

) (c:/Users/AWI/Documents/latex/Fahrzeugbewegungen/ruedenhausen.tex
Overfull \hbox (49.04395pt too wide) in paragraph at lines 1--13
[][] 
 []


Underfull \hbox (badness 10000) in paragraph at lines 1--13

 []


Underfull \hbox (badness 10000) in paragraph at lines 1--13

 []

[32]) (c:/Users/AWI/Documents/latex/Fahrzeugbewegungen/abstwind.tex
Overfull \hbox (28.25023pt too wide) in paragraph at lines 1--11
[][] 
 []


Underfull \hbox (badness 10000) in paragraph at lines 1--11

 []


Underfull \hbox (badness 10000) in paragraph at lines 1--11

 []

) (c:/Users/AWI/Documents/latex/Fahrzeugbewegungen/kleinlangheim.tex
Overfull \hbox (28.60732pt too wide) in paragraph at lines 1--11
[][] 
 []


Underfull \hbox (badness 10000) in paragraph at lines 1--11

 []


Underfull \hbox (badness 10000) in paragraph at lines 1--11

 []

) (c:/Users/AWI/Documents/latex/Fahrzeugbewegungen/wiesenbronn.tex
Overfull \hbox (22.21365pt too wide) in paragraph at lines 1--13
[][] 
 []


Underfull \hbox (badness 10000) in paragraph at lines 1--13

 []


Underfull \hbox (badness 10000) in paragraph at lines 1--13

 []

) (c:/Users/AWI/Documents/latex/Fahrzeugbewegungen/grosslangheim.tex
Overfull \hbox (28.51515pt too wide) in paragraph at lines 1--10
[][] 
 []


Underfull \hbox (badness 10000) in paragraph at lines 1--10

 []


Underfull \hbox (badness 10000) in paragraph at lines 1--10

 []

[33]) (c:/Users/AWI/Documents/latex/Fahrzeugbewegungen/kitzingen.tex
Underfull \hbox (badness 10000) in paragraph at lines 1--13

 []


Underfull \hbox (badness 10000) in paragraph at lines 1--13

 []

) (c:/Users/AWI/Documents/latex/Fahrzeugbewegungen/wuerzburg.tex
Underfull \hbox (badness 10000) in paragraph at lines 1--11

 []


Underfull \hbox (badness 10000) in paragraph at lines 1--11

 []

) [34] (c:/Users/AWI/Documents/latex/Routen/schweinfurt.tex) (c:/Users/AWI/Documents/latex/Routen/sennfeld.tex) (c:/Users/AWI/Documents/latex/Routen/gochsheim.tex) (c:/Users/AWI/Documents/latex/Routen/gochsheimotweyer.tex) (c:/Users/AWI/Documents/latex/Routen/schwebheim.tex) (c:/Users/AWI/Documents/latex/Routen/grettstatt.tex) (c:/Users/AWI/Documents/latex/Routen/grettstattotduerrfeld.tex) (c:/Users/AWI/Documents/latex/Routen/donnersdorf.tex) (c:/Users/AWI/Documents/latex/Routen/sulzheim.tex) (c:/Users/AWI/Documents/latex/Routen/alitzheim.tex) (c:/Users/AWI/Documents/latex/Routen/moenchstockheim.tex) (c:/Users/AWI/Documents/latex/Routen/voegnitz.tex) (c:/Users/AWI/Documents/latex/Routen/kolitzheimotherlheim.tex) (c:/Users/AWI/Documents/latex/Routen/kolitzheimotoberspiessheim.tex) (c:/Users/AWI/Documents/latex/Routen/kolitzheimotunterspiessheim.tex) (c:/Users/AWI/Documents/latex/Routen/kolitzheimotzeilitzheim.tex) (c:/Users/AWI/Documents/latex/Routen/gerolzhofen.tex) (c:/Users/AWI/Documents/latex/Routen/dingolshausen.tex) (c:/Users/AWI/Documents/latex/Routen/dingolshausenotbischwind.tex) (c:/Users/AWI/Documents/latex/Routen/michelau.tex) (c:/Users/AWI/Documents/latex/Routen/frankenwinheim.tex) (c:/Users/AWI/Documents/latex/Routen/oberschwarzach.tex) (c:/Users/AWI/Documents/latex/Routen/volkach.tex) (c:/Users/AWI/Documents/latex/Routen/luelsfeld.tex) (c:/Users/AWI/Documents/latex/Routen/schallfeld.tex) (c:/Users/AWI/Documents/latex/Routen/prichsenstadt.tex) (c:/Users/AWI/Documents/latex/Routen/prichsenstadtotaltenschoenbach.tex) (c:/Users/AWI/Documents/latex/Routen/prichsenstadtotbimbach.tex) (c:/Users/AWI/Documents/latex/Routen/prichsenstadtotbruennau.tex) (c:/Users/AWI/Documents/latex/Routen/jaerkendorf.tex) (c:/Users/AWI/Documents/latex/Routen/prichsenstadtotkirchschoenbach.tex) (c:/Users/AWI/Documents/latex/Routen/prichsenstadtotlaub.tex) (c:/Users/AWI/Documents/latex/Routen/prichsenstadtotneudorf.tex) (c:/Users/AWI/Documents/latex/Routen/prichsenstadtotneuses.tex) (c:/Users/AWI/Documents/latex/Routen/prichsenstadtotstadelschwarzach.tex) (c:/Users/AWI/Documents/latex/Routen/wiesentheid.tex) (c:/Users/AWI/Documents/latex/Routen/wiesentheidotfeuerbach.tex) (c:/Users/AWI/Documents/latex/Routen/wiesentheidotgeesdorf.tex) (c:/Users/AWI/Documents/latex/Routen/wiesentheidotreupelsdorf.tex) (c:/Users/AWI/Documents/latex/Routen/wiesentheidotuntersambach.tex) (c:/Users/AWI/Documents/latex/Routen/ruedenhausen.tex) (c:/Users/AWI/Documents/latex/Routen/abtswind.tex) (c:/Users/AWI/Documents/latex/Routen/kleinlangheim.tex) (c:/Users/AWI/Documents/latex/Routen/wiesenbronn.tex) (c:/Users/AWI/Documents/latex/Routen/grosslangheim.tex) (c:/Users/AWI/Documents/latex/Routen/kitzingen.tex) (c:/Users/AWI/Documents/latex/Routen/wuerzburg.tex) [35] [36]
Overfull \vbox (371.20653pt too high) has occurred while \output is active []

 [37]
chapter 4.

Underfull \hbox (badness 10000) in paragraph at lines 682--704

 []


Underfull \hbox (badness 10000) in paragraph at lines 682--704

 []


Underfull \hbox (badness 10000) in paragraph at lines 682--704

 []


Underfull \hbox (badness 10000) in paragraph at lines 682--704

 []

[38

]
Underfull \hbox (badness 10000) in paragraph at lines 723--745

 []


Underfull \hbox (badness 10000) in paragraph at lines 723--745

 []


Underfull \hbox (badness 10000) in paragraph at lines 723--745

 []


Underfull \hbox (badness 10000) in paragraph at lines 723--745

 []


Underfull \hbox (badness 10000) in paragraph at lines 723--745

 []

[39]
Package textcomp Info: Symbol \textmu not provided by
(textcomp)             font family mdbch in TS1 encoding.
(textcomp)             Default family used instead on input line 769.
Package textcomp Info: Symbol \textthreesuperior not provided by
(textcomp)             font family mdbch in TS1 encoding.
(textcomp)             Default family used instead on input line 769.

Underfull \hbox (badness 10000) in paragraph at lines 766--788

 []


Underfull \hbox (badness 10000) in paragraph at lines 766--788

 []


Underfull \hbox (badness 10000) in paragraph at lines 766--788

 []


Underfull \hbox (badness 10000) in paragraph at lines 766--788

 []


Underfull \hbox (badness 10000) in paragraph at lines 766--788

 []

[40]
Overfull \hbox (24.08788pt too wide) in paragraph at lines 812--834
\T1/mdbch/m/n/12 pro-fes-sio-nal.de/fahr-werk/schad-stof-fe/unterschaetzte-umweltgefahr-reifenabrieb-/15490524) 
 []


Underfull \hbox (badness 10000) in paragraph at lines 812--834

 []


Underfull \hbox (badness 10000) in paragraph at lines 812--834

 []


Underfull \hbox (badness 10000) in paragraph at lines 812--834

 []


Underfull \hbox (badness 10000) in paragraph at lines 812--834

 []


Underfull \hbox (badness 10000) in paragraph at lines 812--834

 []


Overfull \hbox (86.98254pt too wide) in paragraph at lines 812--834
[] 
 []

[41]
Overfull \hbox (30.02396pt too wide) in paragraph at lines 855--876
\T1/mdbch/m/n/12 Down-load: []$\T1/lmtt/m/n/12 https://www.bmvi.de/SharedDocs/DE/Publikationen/G/verkehr-[]in-[]zahlen_
 []


Underfull \hbox (badness 10000) in paragraph at lines 855--876

 []


Underfull \hbox (badness 10000) in paragraph at lines 855--876

 []


Underfull \hbox (badness 10000) in paragraph at lines 855--876

 []


Overfull \hbox (93.20341pt too wide) in paragraph at lines 855--876
[] 
 []


Underfull \hbox (badness 10000) in paragraph at lines 855--876

 []


Underfull \hbox (badness 10000) in paragraph at lines 855--876

 []

[42]
LaTeX Font Info:    Font shape `T1/mdbch/b/n' will be
(Font)              scaled to size 11.52008pt on input line 893.

Underfull \hbox (badness 10000) in paragraph at lines 891--898

 []


Underfull \hbox (badness 10000) in paragraph at lines 891--898

 []


Underfull \hbox (badness 10000) in paragraph at lines 900--921

 []


Underfull \hbox (badness 10000) in paragraph at lines 900--921

 []


Underfull \hbox (badness 10000) in paragraph at lines 900--921

 []


Underfull \hbox (badness 10000) in paragraph at lines 900--921

 []


Overfull \hbox (93.20341pt too wide) in paragraph at lines 900--921
[] 
 []


Underfull \hbox (badness 10000) in paragraph at lines 900--921

 []


Underfull \hbox (badness 10000) in paragraph at lines 900--921

 []

[43]
LaTeX Font Info:    Faking \texteuro for font family mdbch
(Font)              in TS1 encoding on input line 941.
LaTeX Font Info:    Font shape `T1/mdbch/m/n' will be
(Font)              scaled to size 8.06401pt on input line 941.

Underfull \hbox (badness 10000) in paragraph at lines 936--946

 []

LaTeX Font Info:    Faking \texteuro for font family mdbch
(Font)              in TS1 encoding on input line 963.
[44] [45]
Overfull \vbox (829.50603pt too high) has occurred while \output is active []

 [46] [47]
chapter 5.
(c:/Users/AWI/Documents/latex/listings.tex) AED endfloat: Processing end Figures and Tables [48

] (c:/Users/AWI/Documents/latex/bericht.lol
Overfull \hbox (25.06737pt too wide) in paragraph at lines 7--7
 [][] [][]\T1/mdbch/m/n/12 SQL-Abfrage der Netto-Potenziale und MIV-Vernderung mit der Quel-le Schwein- 
 []


Overfull \hbox (7.8679pt too wide) in paragraph at lines 8--8
 [][] [][]\T1/mdbch/m/n/12 SQL-Abfrage der Netto-Potenziale und MIV-Vernderung mit der Quel-le Senn- 
 []


Overfull \hbox (13.16713pt too wide) in paragraph at lines 9--9
 [][] [][]\T1/mdbch/m/n/12 SQL-Abfrage der Netto-Potenziale und MIV-Vernderung mit der Quel-le Gochs- 
 []


Overfull \hbox (21.50766pt too wide) in paragraph at lines 11--11
 [][] [][]\T1/mdbch/m/n/12 SQL-Abfrage der Netto-Potenziale und MIV-Vernderung mit der Quel-le Schweb- 
 []


Overfull \hbox (8.46696pt too wide) in paragraph at lines 12--12
 [][] [][]\T1/mdbch/m/n/12 SQL-Abfrage der Netto-Potenziale und MIV-Vernderung mit der Quel-le Grett- 
 []


Overfull \hbox (9.97607pt too wide) in paragraph at lines 13--13
 [][] [][]\T1/mdbch/m/n/12 SQL-Abfrage der Netto-Potenziale und MIV-Vernderung mit der Quel-le Drrfeld[] [][]  
 []


Overfull \hbox (3.45572pt too wide) in paragraph at lines 14--14
 [][] [][]\T1/mdbch/m/n/12 SQL-Abfrage der Netto-Potenziale und MIV-Vernderung mit der Quel-le Don- 
 []


Overfull \hbox (4.31972pt too wide) in paragraph at lines 15--15
 [][] [][]\T1/mdbch/m/n/12 SQL-Abfrage der Netto-Potenziale und MIV-Vernderung mit der Quel-le Sulz- 
 []


Overfull \hbox (5.7943pt too wide) in paragraph at lines 16--16
 [][] [][]\T1/mdbch/m/n/12 SQL-Abfrage der Netto-Potenziale und MIV-Vernderung mit der Quel-le Alitz- 
 []


Overfull \hbox (17.08395pt too wide) in paragraph at lines 17--17
 [][] [][]\T1/mdbch/m/n/12 SQL-Abfrage der Netto-Potenziale und MIV-Vernderung mit der Quel-le Mnch- 
 []


Overfull \hbox (4.5271pt too wide) in paragraph at lines 19--19
 [][] [][]\T1/mdbch/m/n/12 SQL-Abfrage der Netto-Potenziale und MIV-Vernderung mit der Quel-le Herl- 
 []


Overfull \hbox (7.4071pt too wide) in paragraph at lines 20--20
 [][] [][]\T1/mdbch/m/n/12 SQL-Abfrage der Netto-Potenziale und MIV-Vernderung mit der Quel-le Ober- 
 []


Overfull \hbox (0.47203pt too wide) in paragraph at lines 24--24
 [][] [][]\T1/mdbch/m/n/12 SQL-Abfrage der Netto-Potenziale und MIV-Vernderung mit der Quel-le Din- 
 []

[49



]
Overfull \hbox (5.69061pt too wide) in paragraph at lines 27--27
 [][] [][]\T1/mdbch/m/n/12 SQL-Abfrage der Netto-Potenziale und MIV-Vernderung mit der Quel-le Fran- 
 []


Overfull \hbox (7.4071pt too wide) in paragraph at lines 28--28
 [][] [][]\T1/mdbch/m/n/12 SQL-Abfrage der Netto-Potenziale und MIV-Vernderung mit der Quel-le Ober- 
 []


Overfull \hbox (3.12163pt too wide) in paragraph at lines 30--30
 [][] [][]\T1/mdbch/m/n/12 SQL-Abfrage der Netto-Potenziale und MIV-Vernderung mit der Quel-le Lls- 
 []


Overfull \hbox (13.098pt too wide) in paragraph at lines 31--31
 [][] [][]\T1/mdbch/m/n/12 SQL-Abfrage der Netto-Potenziale und MIV-Vernderung mit der Quel-le Schall- 
 []


Overfull \hbox (8.40935pt too wide) in paragraph at lines 32--32
 [][] [][]\T1/mdbch/m/n/12 SQL-Abfrage der Netto-Potenziale und MIV-Vernderung mit der Quel-le Prich- 
 []


Overfull \hbox (2.61476pt too wide) in paragraph at lines 34--34
 [][] [][]\T1/mdbch/m/n/12 SQL-Abfrage der Netto-Potenziale und MIV-Vernderung mit der Quel-le Bim- 
 []


Overfull \hbox (10.9207pt too wide) in paragraph at lines 35--35
 [][] [][]\T1/mdbch/m/n/12 SQL-Abfrage der Netto-Potenziale und MIV-Vernderung mit der Quel-le Brnnau[] [][]  
 []


Overfull \hbox (9.01991pt too wide) in paragraph at lines 37--37
 [][] [][]\T1/mdbch/m/n/12 SQL-Abfrage der Netto-Potenziale und MIV-Vernderung mit der Quel-le Kirch- 
 []


Overfull \hbox (3.14468pt too wide) in paragraph at lines 39--39
 [][] [][]\T1/mdbch/m/n/12 SQL-Abfrage der Netto-Potenziale und MIV-Vernderung mit der Quel-le Neu- 
 []


Overfull \hbox (3.14468pt too wide) in paragraph at lines 40--40
 [][] [][]\T1/mdbch/m/n/12 SQL-Abfrage der Netto-Potenziale und MIV-Vernderung mit der Quel-le Neu- 
 []


Overfull \hbox (2.07332pt too wide) in paragraph at lines 42--42
 [][] [][]\T1/mdbch/m/n/12 SQL-Abfrage der Netto-Potenziale und MIV-Vernderung mit der Quel-le Wie- 
 []


Overfull \hbox (0.36835pt too wide) in paragraph at lines 43--43
 [][] [][]\T1/mdbch/m/n/12 SQL-Abfrage der Netto-Potenziale und MIV-Vernderung mit der Quel-le Feu- 
 []


Overfull \hbox (6.63527pt too wide) in paragraph at lines 44--44
 [][] [][]\T1/mdbch/m/n/12 SQL-Abfrage der Netto-Potenziale und MIV-Vernderung mit der Quel-le Gees- 
 []


Overfull \hbox (1.9466pt too wide) in paragraph at lines 45--45
 [][] [][]\T1/mdbch/m/n/12 SQL-Abfrage der Netto-Potenziale und MIV-Vernderung mit der Quel-le Reu- 
 []


Overfull \hbox (14.7108pt too wide) in paragraph at lines 48--48
 [][] [][]\T1/mdbch/m/n/12 SQL-Abfrage der Netto-Potenziale und MIV-Vernderung mit der Quel-le Abstwind[] [][]  
 []


Overfull \hbox (8.43239pt too wide) in paragraph at lines 49--49
 [][] [][]\T1/mdbch/m/n/12 SQL-Abfrage der Netto-Potenziale und MIV-Vernderung mit der Quel-le Klein- 
 []

[50]
Overfull \hbox (2.07332pt too wide) in paragraph at lines 50--50
 [][] [][]\T1/mdbch/m/n/12 SQL-Abfrage der Netto-Potenziale und MIV-Vernderung mit der Quel-le Wie- 
 []


Overfull \hbox (29.99794pt too wide) in paragraph at lines 51--51
 [][] [][]\T1/mdbch/m/n/12 SQL-Abfrage der Netto-Potenziale und MIV-Vernderung mit der Quel-le Grolang- 
 []


Overfull \hbox (9.27335pt too wide) in paragraph at lines 53--53
 [][] [][]\T1/mdbch/m/n/12 SQL-Abfrage der Netto-Potenziale und MIV-Vernderung mit der Quel-le Wrz- 
 []

)
\tf@lol=\write10

\openout10 = bericht.lol
 [51] (c:/Users/AWI/Documents/latex/bericht.eflisting
\openout3 = bericht.pyg
 (c:/Users/AWI/Documents/latex/_minted-bericht/ADDDD230ACC25D22BB1981E7FF0C90748FC3FC6E1332244C7247F554856E2491.pygtex)
Package hyperref Info: bookmark level for unknown listing defaults to 0 on input line 14.

Underfull \hbox (badness 1735) in paragraph at lines 14--14
[][][]\T1/mdbch/m/n/12 SQL-Abfrage der Netto-Potenziale und MIV-Vernderung mit der Quel-le
 []


\openout3 = bericht.pyg
(c:/Users/AWI/Documents/latex/_minted-bericht/108488F8777DB93CF96634689AD5B3C38FC3FC6E1332244C7247F554856E2491.pygtex)
\openout3 = bericht.pyg
 (c:/Users/AWI/Documents/latex/_minted-bericht/B9F1CD48B965750AD1F3C12125438DD08FC3FC6E1332244C7247F554856E2491.pygtex)
\openout3 = bericht.pyg
 (c:/Users/AWI/Documents/latex/_minted-bericht/AB2D82379765439E0F00850824AC172F8FC3FC6E1332244C7247F554856E2491.pygtex)
\openout3 = bericht.pyg
 (c:/Users/AWI/Documents/latex/_minted-bericht/A0A7A1B9EA1ED641C39C65D27C3F2AFC8FC3FC6E1332244C7247F554856E2491.pygtex)
Underfull \hbox (badness 1735) in paragraph at lines 82--82
[][][]\T1/mdbch/m/n/12 SQL-Abfrage der Netto-Potenziale und MIV-Vernderung mit der Quel-le
 []


\openout3 = bericht.pyg
(c:/Users/AWI/Documents/latex/_minted-bericht/71330E750A28AD5965C5E0936984019A8FC3FC6E1332244C7247F554856E2491.pygtex)
\openout3 = bericht.pyg
 (c:/Users/AWI/Documents/latex/_minted-bericht/69F79018E15C6D17E60212B54B377EEB8FC3FC6E1332244C7247F554856E2491.pygtex)
Underfull \hbox (badness 1735) in paragraph at lines 116--116
[][][]\T1/mdbch/m/n/12 SQL-Abfrage der Netto-Potenziale und MIV-Vernderung mit der Quel-le
 []


\openout3 = bericht.pyg
(c:/Users/AWI/Documents/latex/_minted-bericht/8EFB7D013AA4BF8640DA32CF02626B9A8FC3FC6E1332244C7247F554856E2491.pygtex)
\openout3 = bericht.pyg
 (c:/Users/AWI/Documents/latex/_minted-bericht/ADCAD1AA1708CAB9E545661499FA50C08FC3FC6E1332244C7247F554856E2491.pygtex)
\openout3 = bericht.pyg
 (c:/Users/AWI/Documents/latex/_minted-bericht/D5923C948910CDFC201BF7BB99ED158E8FC3FC6E1332244C7247F554856E2491.pygtex)
\openout3 = bericht.pyg
 (c:/Users/AWI/Documents/latex/_minted-bericht/34505D5E845CBD41A82FBB9CB6754D218FC3FC6E1332244C7247F554856E2491.pygtex)
\openout3 = bericht.pyg
 (c:/Users/AWI/Documents/latex/_minted-bericht/AD5F2CBD7E2688CBBA535E1445584F468FC3FC6E1332244C7247F554856E2491.pygtex) [52

] [53] [54] [55] [56]
\openout3 = bericht.pyg
 (c:/Users/AWI/Documents/latex/_minted-bericht/EBBAE17217B1C08ECCC01BAD691434828FC3FC6E1332244C7247F554856E2491.pygtex)
\openout3 = bericht.pyg
 (c:/Users/AWI/Documents/latex/_minted-bericht/FCD0564DD0B07D48C27916D1ED1D0A788FC3FC6E1332244C7247F554856E2491.pygtex)
\openout3 = bericht.pyg
 (c:/Users/AWI/Documents/latex/_minted-bericht/2CF3454D83E477D8B3CAF1CB316C71B58FC3FC6E1332244C7247F554856E2491.pygtex)
\openout3 = bericht.pyg
 (c:/Users/AWI/Documents/latex/_minted-bericht/D84FD63473B076C6AE64B374095B91B08FC3FC6E1332244C7247F554856E2491.pygtex)
\openout3 = bericht.pyg
 (c:/Users/AWI/Documents/latex/_minted-bericht/8A0AE1F07046E16EC6E1C759446B3D378FC3FC6E1332244C7247F554856E2491.pygtex)
\openout3 = bericht.pyg
 (c:/Users/AWI/Documents/latex/_minted-bericht/45B2E0036AC49486B5477D370596B5808FC3FC6E1332244C7247F554856E2491.pygtex)
\openout3 = bericht.pyg
 (c:/Users/AWI/Documents/latex/_minted-bericht/6F80A171A4C44F7D77B28943BEB6BA278FC3FC6E1332244C7247F554856E2491.pygtex)
\openout3 = bericht.pyg
 (c:/Users/AWI/Documents/latex/_minted-bericht/770B73118E3D47CD89F39618AB37ED668FC3FC6E1332244C7247F554856E2491.pygtex) [57] [58] [59] [60]
\openout3 = bericht.pyg
 (c:/Users/AWI/Documents/latex/_minted-bericht/ACB487FDACB7EC06AA030EC56A1EDC3C8FC3FC6E1332244C7247F554856E2491.pygtex)
\openout3 = bericht.pyg
 (c:/Users/AWI/Documents/latex/_minted-bericht/37482DBDB319D00883ECC8B7AFC03A7B8FC3FC6E1332244C7247F554856E2491.pygtex)
\openout3 = bericht.pyg
 (c:/Users/AWI/Documents/latex/_minted-bericht/76750EB4248D9800BE0D63B1323816C68FC3FC6E1332244C7247F554856E2491.pygtex)
\openout3 = bericht.pyg
 (c:/Users/AWI/Documents/latex/_minted-bericht/69E3BEC3BAEAC3A741BF1642811388E18FC3FC6E1332244C7247F554856E2491.pygtex)
\openout3 = bericht.pyg
 (c:/Users/AWI/Documents/latex/_minted-bericht/9E61B328CDE624578CF7A04DEB5848D48FC3FC6E1332244C7247F554856E2491.pygtex)
\openout3 = bericht.pyg
 (c:/Users/AWI/Documents/latex/_minted-bericht/8C8482171AE350C1EA0AF7805BA89F428FC3FC6E1332244C7247F554856E2491.pygtex)
\openout3 = bericht.pyg
 (c:/Users/AWI/Documents/latex/_minted-bericht/076E575FEBC7A915B28B3CC1ABB6CFB18FC3FC6E1332244C7247F554856E2491.pygtex)
\openout3 = bericht.pyg
 (c:/Users/AWI/Documents/latex/_minted-bericht/34142AD96C65E6C9E3CECCC84D6C16978FC3FC6E1332244C7247F554856E2491.pygtex)
\openout3 = bericht.pyg
 (c:/Users/AWI/Documents/latex/_minted-bericht/BC2539DE766D92F6876CEEED80E9FFC18FC3FC6E1332244C7247F554856E2491.pygtex) [61] [62] [63] [64] [65]
\openout3 = bericht.pyg
 (c:/Users/AWI/Documents/latex/_minted-bericht/A5C11C49A994685F79330F6B883C8EE68FC3FC6E1332244C7247F554856E2491.pygtex)
\openout3 = bericht.pyg
 (c:/Users/AWI/Documents/latex/_minted-bericht/179723FD194F55957FEB661B3356FB468FC3FC6E1332244C7247F554856E2491.pygtex)
\openout3 = bericht.pyg
 (c:/Users/AWI/Documents/latex/_minted-bericht/C0330F5F867EF4E9A27C389F10CBAE3E8FC3FC6E1332244C7247F554856E2491.pygtex)
\openout3 = bericht.pyg
 (c:/Users/AWI/Documents/latex/_minted-bericht/9272609E4B4F9596518DADEA06538B418FC3FC6E1332244C7247F554856E2491.pygtex)
\openout3 = bericht.pyg
 (c:/Users/AWI/Documents/latex/_minted-bericht/299440C984ED03D11D663224056A449B8FC3FC6E1332244C7247F554856E2491.pygtex)
\openout3 = bericht.pyg
 (c:/Users/AWI/Documents/latex/_minted-bericht/5286140D22AF1CC20D8E0513818C594A8FC3FC6E1332244C7247F554856E2491.pygtex)
\openout3 = bericht.pyg
 (c:/Users/AWI/Documents/latex/_minted-bericht/48A0786267817945BF462872F7FC36E88FC3FC6E1332244C7247F554856E2491.pygtex)
\openout3 = bericht.pyg
 (c:/Users/AWI/Documents/latex/_minted-bericht/A0871E243EF4A33725195369B22851E88FC3FC6E1332244C7247F554856E2491.pygtex)
\openout3 = bericht.pyg
 (c:/Users/AWI/Documents/latex/_minted-bericht/57C9021A61FF7C2237DE58FD07E2111E8FC3FC6E1332244C7247F554856E2491.pygtex) [66] [67] [68] [69]
\openout3 = bericht.pyg
 (c:/Users/AWI/Documents/latex/_minted-bericht/7F0A9BF4A43D0FD7205D226BC56338A78FC3FC6E1332244C7247F554856E2491.pygtex)
\openout3 = bericht.pyg
 (c:/Users/AWI/Documents/latex/_minted-bericht/EDF5794BF6540188F9AF425C953F7EE68FC3FC6E1332244C7247F554856E2491.pygtex)
\openout3 = bericht.pyg
 (c:/Users/AWI/Documents/latex/_minted-bericht/B2AC9F1417A3B087EA778E9E69C101448FC3FC6E1332244C7247F554856E2491.pygtex)
\openout3 = bericht.pyg
 (c:/Users/AWI/Documents/latex/_minted-bericht/ACC20398138821496732CAE3FC3F2A988FC3FC6E1332244C7247F554856E2491.pygtex)
\openout3 = bericht.pyg
 (c:/Users/AWI/Documents/latex/_minted-bericht/AB18D6D2DB4C383FD96E1B88C6A867FB8FC3FC6E1332244C7247F554856E2491.pygtex)
\openout3 = bericht.pyg
 (c:/Users/AWI/Documents/latex/_minted-bericht/00A3CF81E240060B58FFE4BEDC0ADD888FC3FC6E1332244C7247F554856E2491.pygtex)
\openout3 = bericht.pyg
 (c:/Users/AWI/Documents/latex/_minted-bericht/0743C129A25B4038EF7EE6C5A2AF3AA38FC3FC6E1332244C7247F554856E2491.pygtex)
\openout3 = bericht.pyg
 (c:/Users/AWI/Documents/latex/_minted-bericht/7A69937B02904826AB16E678C058C9F48FC3FC6E1332244C7247F554856E2491.pygtex) [70] [71] [72] [73]
\openout3 = bericht.pyg
 (c:/Users/AWI/Documents/latex/_minted-bericht/550BE587733471EFB4C9D14E00EE02EE8FC3FC6E1332244C7247F554856E2491.pygtex)
\openout3 = bericht.pyg
 (c:/Users/AWI/Documents/latex/_minted-bericht/288C52AD003651A42901285FB0F1A0868FC3FC6E1332244C7247F554856E2491.pygtex)
\openout3 = bericht.pyg
 (c:/Users/AWI/Documents/latex/_minted-bericht/46CC7D73446B685C45256D5E2CE60AE58FC3FC6E1332244C7247F554856E2491.pygtex)
\openout3 = bericht.pyg
 (c:/Users/AWI/Documents/latex/_minted-bericht/62EDEAB929EBF8AAC6D79B0C4AA3E7EE8FC3FC6E1332244C7247F554856E2491.pygtex)
\openout3 = bericht.pyg
 (c:/Users/AWI/Documents/latex/_minted-bericht/C7B46756D8AC29E1573DCB8154E2D40B8FC3FC6E1332244C7247F554856E2491.pygtex)
\openout3 = bericht.pyg
 (c:/Users/AWI/Documents/latex/_minted-bericht/D4B2AC1B928BB5DE901E3E6912F8FE6B8FC3FC6E1332244C7247F554856E2491.pygtex)
\openout3 = bericht.pyg
 (c:/Users/AWI/Documents/latex/_minted-bericht/27B14EB09FA62684F6F0759175844AFA8FC3FC6E1332244C7247F554856E2491.pygtex)
\openout3 = bericht.pyg
 (c:/Users/AWI/Documents/latex/_minted-bericht/DFC547746A4EE686664E661AD53091028FC3FC6E1332244C7247F554856E2491.pygtex)
\openout3 = bericht.pyg
 (c:/Users/AWI/Documents/latex/_minted-bericht/FDFFEB4DACB846EB882BA68C7B3E18CC8FC3FC6E1332244C7247F554856E2491.pygtex) [74] [75] [76] [77]
\openout3 = bericht.pyg
 (c:/Users/AWI/Documents/latex/_minted-bericht/FDFFEB4DACB846EB882BA68C7B3E18CC8FC3FC6E1332244C7247F554856E2491.pygtex)
\openout3 = bericht.pyg
 (c:/Users/AWI/Documents/latex/_minted-bericht/0A069680F7D27181E8EB2CD713B4A5508FC3FC6E1332244C7247F554856E2491.pygtex))
Package atveryend Info: Empty hook `BeforeClearDocument' on input line 1023.
 [78] [79]
Package atveryend Info: Empty hook `AfterLastShipout' on input line 1023.
 (c:/Users/AWI/Documents/latex/bericht.aux)
Package atveryend Info: Executing hook `AtVeryEndDocument' on input line 1023.
Package atveryend Info: Executing hook `AtEndAfterFileList' on input line 1023.
Package rerunfilecheck Info: File `bericht.out' has not changed.
(rerunfilecheck)             Checksum: D41D8CD98F00B204E9800998ECF8427E;0.


LaTeX Warning: There were multiply-defined labels.

runsystem(del bericht.pyg)...executed
Package atveryend Info: Empty hook `AtVeryVeryEnd' on input line 1023.
)

Here is how much of LuaTeX's memory you used:
 22999 strings out of 481089
 125002,953878 words of node,token memory allocated
 5190 words of node memory still in use:
   4 hlist, 1 vlist, 1 rule, 5 glue, 555 kern, 1 glyph, 553 attribute, 66 glue_spec, 278 attribute_list, 1 write, 43 pdf_action nodes
   avail lists: 1:5,2:10834,3:516,4:1214,5:743,6:143,7:7598,8:106,9:1930,10:10,11:483
 37196 multiletter control sequences out of 65536+600000
 146 fonts using 8486047 bytes
 46i,12n,72p,10160b,710s stack positions out of 5000i,500n,10000p,200000b,100000s

warning  (pdf backend): unreferenced destination with name 'listing.57'

warning  (pdf backend): unreferenced destination with name 'listing.56'

warning  (pdf backend): unreferenced destination with name 'listing.55'

warning  (pdf backend): unreferenced destination with name 'listing.54'

warning  (pdf backend): unreferenced destination with name 'listing.53'

warning  (pdf backend): unreferenced destination with name 'listing.52'

warning  (pdf backend): unreferenced destination with name 'listing.51'

warning  (pdf backend): unreferenced destination with name 'listing.50'

warning  (pdf backend): unreferenced destination with name 'listing.49'

warning  (pdf backend): unreferenced destination with name 'listing.48'

warning  (pdf backend): unreferenced destination with name 'listing.47'

warning  (pdf backend): unreferenced destination with name 'listing.46'

warning  (pdf backend): unreferenced destination with name 'listing.45'

warning  (pdf backend): unreferenced destination with name 'listing.44'

warning  (pdf backend): unreferenced destination with name 'listing.43'

warning  (pdf backend): unreferenced destination with name 'listing.42'

warning  (pdf backend): unreferenced destination with name 'listing.41'

warning  (pdf backend): unreferenced destination with name 'listing.40'

warning  (pdf backend): unreferenced destination with name 'listing.39'

warning  (pdf backend): unreferenced destination with name 'listing.38'

warning  (pdf backend): unreferenced destination with name 'listing.37'

warning  (pdf backend): unreferenced destination with name 'listing.36'

warning  (pdf backend): unreferenced destination with name 'listing.35'

warning  (pdf backend): unreferenced destination with name 'listing.34'

warning  (pdf backend): unreferenced destination with name 'listing.33'

warning  (pdf backend): unreferenced destination with name 'listing.32'

warning  (pdf backend): unreferenced destination with name 'listing.31'

warning  (pdf backend): unreferenced destination with name 'listing.30'

warning  (pdf backend): unreferenced destination with name 'listing.29'

warning  (pdf backend): unreferenced destination with name 'listing.28'

warning  (pdf backend): unreferenced destination with name 'listing.27'

warning  (pdf backend): unreferenced destination with name 'listing.26'

warning  (pdf backend): unreferenced destination with name 'listing.25'

warning  (pdf backend): unreferenced destination with name 'listing.24'

warning  (pdf backend): unreferenced destination with name 'listing.23'

warning  (pdf backend): unreferenced destination with name 'listing.22'

warning  (pdf backend): unreferenced destination with name 'listing.21'

warning  (pdf backend): unreferenced destination with name 'listing.20'

warning  (pdf backend): unreferenced destination with name 'listing.19'

warning  (pdf backend): unreferenced destination with name 'listing.18'

warning  (pdf backend): unreferenced destination with name 'listing.17'

warning  (pdf backend): unreferenced destination with name 'listing.16'

warning  (pdf backend): unreferenced destination with name 'listing.15'

warning  (pdf backend): unreferenced destination with name 'listing.14'

warning  (pdf backend): unreferenced destination with name 'listing.13'

warning  (pdf backend): unreferenced destination with name 'listing.12'

warning  (pdf backend): unreferenced destination with name 'listing.11'

warning  (pdf backend): unreferenced destination with name 'listing.10'

warning  (pdf backend): unreferenced destination with name 'listing.9'

warning  (pdf backend): unreferenced destination with name 'listing.8'

warning  (pdf backend): unreferenced destination with name 'listing.7'

warning  (pdf backend): unreferenced destination with name 'listing.6'

warning  (pdf backend): unreferenced destination with name 'listing.5'

warning  (pdf backend): unreferenced destination with name 'listing.4'

warning  (pdf backend): unreferenced destination with name 'listing.3'

warning  (pdf backend): unreferenced destination with name 'listing.2'

warning  (pdf backend): unreferenced destination with name 'listing.1'
{c:/texlive/2020/texmf-dist/fonts/enc/dvips/ly1/texnansi.enc}{c:/texlive/2020/texmf-dist/fonts/enc/dvips/lm/lm-ts1.enc}{c:/texlive/2020/texmf-dist/fonts/enc/dvips/lm/lm-ec.enc}<c:/texlive/2020/texmf-dist/fonts/type1/bitstrea/charter/bchb8a.pfb><c:/texlive/2020/texmf-dist/fonts/type1/bitstrea/charter/bchr8a.pfb><c:/texlive/2020/texmf-dist/fonts/type1/public/lm/lmr12.pfb><c:/texlive/2020/texmf-dist/fonts/type1/public/lm/lmssbx10.pfb><c:/texlive/2020/texmf-dist/fonts/type1/public/lm/lmtk10.pfb><c:/texlive/2020/texmf-dist/fonts/type1/public/lm/lmtt12.pfb><c:/texlive/2020/texmf-dist/fonts/type1/public/mathdesign/mdbch/md-chb8t.pfb><c:/texlive/2020/texmf-dist/fonts/type1/public/mathdesign/mdbch/md-chr7y.pfb><c:/texlive/2020/texmf-dist/fonts/type1/public/mathdesign/mdbch/md-chr8t.pfb><c:/texlive/2020/texmf-dist/fonts/type1/public/mathdesign/mdbch/md-chri7m.pfb>
Output written on bericht.pdf (79 pages, 306109 bytes).

PDF statistics: 1575 PDF objects out of 1728 (max. 8388607)
 1469 compressed objects within 15 object streams
 375 named destinations out of 1000 (max. 131072)
 1369 words of extra memory for PDF output out of 10000 (max. 100000000)

